Warning: ignoring unsupported tag `ALLOW_UNICODE_NAMES    =' at line 79, file /home/travis/build/CMU-Perceptual-Computing-Lab/openpose/doc/doc_autogeneration.doxygen
Warning: ignoring unsupported tag `GROUP_NESTED_COMPOUNDS =' at line 361, file /home/travis/build/CMU-Perceptual-Computing-Lab/openpose/doc/doc_autogeneration.doxygen
Warning: ignoring unsupported tag `HIDE_COMPOUND_REFERENCE=' at line 532, file /home/travis/build/CMU-Perceptual-Computing-Lab/openpose/doc/doc_autogeneration.doxygen
Warning: ignoring unsupported tag `WARN_AS_ERROR          =' at line 756, file /home/travis/build/CMU-Perceptual-Computing-Lab/openpose/doc/doc_autogeneration.doxygen
Warning: Tag `CLANG_ASSISTED_PARSING' at line 1072 of file /home/travis/build/CMU-Perceptual-Computing-Lab/openpose/doc/doc_autogeneration.doxygen belongs to an option that was not enabled at compile time.
To avoid this warning please remove this line from your configuration file, upgrade it using "doxygen -u", or recompile doxygen with this feature enabled.
Warning: Tag `CLANG_OPTIONS' at line 1080 of file /home/travis/build/CMU-Perceptual-Computing-Lab/openpose/doc/doc_autogeneration.doxygen belongs to an option that was not enabled at compile time.
To avoid this warning please remove this line from your configuration file, upgrade it using "doxygen -u", or recompile doxygen with this feature enabled.
Warning: ignoring unsupported tag `LATEX_EXTRA_STYLESHEET =' at line 1752, file /home/travis/build/CMU-Perceptual-Computing-Lab/openpose/doc/doc_autogeneration.doxygen
Warning: ignoring unsupported tag `LATEX_TIMESTAMP        =' at line 1819, file /home/travis/build/CMU-Perceptual-Computing-Lab/openpose/doc/doc_autogeneration.doxygen
Warning: ignoring unsupported tag `RTF_SOURCE_CODE        =' at line 1885, file /home/travis/build/CMU-Perceptual-Computing-Lab/openpose/doc/doc_autogeneration.doxygen
Warning: ignoring unsupported tag `MAN_SUBDIR             =' at line 1920, file /home/travis/build/CMU-Perceptual-Computing-Lab/openpose/doc/doc_autogeneration.doxygen
Warning: ignoring unsupported tag `DOCBOOK_PROGRAMLISTING =' at line 1983, file /home/travis/build/CMU-Perceptual-Computing-Lab/openpose/doc/doc_autogeneration.doxygen
Warning: ignoring unsupported tag `PLANTUML_JAR_PATH      =' at line 2414, file /home/travis/build/CMU-Perceptual-Computing-Lab/openpose/doc/doc_autogeneration.doxygen
Warning: ignoring unsupported tag `PLANTUML_INCLUDE_PATH  =' at line 2419, file /home/travis/build/CMU-Perceptual-Computing-Lab/openpose/doc/doc_autogeneration.doxygen
Searching for include files...
Searching for example files...
Searching for images...
Searching for dot files...
Searching for msc files...
Searching for dia files...
Searching for files to exclude
Searching for files to process...
Searching for files in directory /home/travis/build/CMU-Perceptual-Computing-Lab/openpose/include/openpose
Searching for files in directory /home/travis/build/CMU-Perceptual-Computing-Lab/openpose/include/openpose/core
Searching for files in directory /home/travis/build/CMU-Perceptual-Computing-Lab/openpose/include/openpose/experimental
Searching for files in directory /home/travis/build/CMU-Perceptual-Computing-Lab/openpose/include/openpose/experimental/producer
Searching for files in directory /home/travis/build/CMU-Perceptual-Computing-Lab/openpose/include/openpose/face
Searching for files in directory /home/travis/build/CMU-Perceptual-Computing-Lab/openpose/include/openpose/filestream
Searching for files in directory /home/travis/build/CMU-Perceptual-Computing-Lab/openpose/include/openpose/gui
Searching for files in directory /home/travis/build/CMU-Perceptual-Computing-Lab/openpose/include/openpose/hand
Searching for files in directory /home/travis/build/CMU-Perceptual-Computing-Lab/openpose/include/openpose/pose
Searching for files in directory /home/travis/build/CMU-Perceptual-Computing-Lab/openpose/include/openpose/producer
Searching for files in directory /home/travis/build/CMU-Perceptual-Computing-Lab/openpose/include/openpose/thread
Searching for files in directory /home/travis/build/CMU-Perceptual-Computing-Lab/openpose/include/openpose/utilities
Searching for files in directory /home/travis/build/CMU-Perceptual-Computing-Lab/openpose/include/openpose/wrapper
Reading and parsing tag files
Parsing files
Reading /home/travis/build/CMU-Perceptual-Computing-Lab/openpose/README.md...
Preprocessing /home/travis/build/CMU-Perceptual-Computing-Lab/openpose/include/openpose/core/array.hpp...
Parsing file /home/travis/build/CMU-Perceptual-Computing-Lab/openpose/include/openpose/core/array.hpp...
Preprocessing /home/travis/build/CMU-Perceptual-Computing-Lab/openpose/include/openpose/core/common.hpp...
Parsing file /home/travis/build/CMU-Perceptual-Computing-Lab/openpose/include/openpose/core/common.hpp...
Preprocessing /home/travis/build/CMU-Perceptual-Computing-Lab/openpose/include/openpose/core/cvMatToOpInput.hpp...
Parsing file /home/travis/build/CMU-Perceptual-Computing-Lab/openpose/include/openpose/core/cvMatToOpInput.hpp...
Preprocessing /home/travis/build/CMU-Perceptual-Computing-Lab/openpose/include/openpose/core/cvMatToOpOutput.hpp...
Parsing file /home/travis/build/CMU-Perceptual-Computing-Lab/openpose/include/openpose/core/cvMatToOpOutput.hpp...
Preprocessing /home/travis/build/CMU-Perceptual-Computing-Lab/openpose/include/openpose/core/datum.hpp...
Parsing file /home/travis/build/CMU-Perceptual-Computing-Lab/openpose/include/openpose/core/datum.hpp...
Preprocessing /home/travis/build/CMU-Perceptual-Computing-Lab/openpose/include/openpose/core/enumClasses.hpp...
Parsing file /home/travis/build/CMU-Perceptual-Computing-Lab/openpose/include/openpose/core/enumClasses.hpp...
Preprocessing /home/travis/build/CMU-Perceptual-Computing-Lab/openpose/include/openpose/core/gpuRenderer.hpp...
Parsing file /home/travis/build/CMU-Perceptual-Computing-Lab/openpose/include/openpose/core/gpuRenderer.hpp...
Preprocessing /home/travis/build/CMU-Perceptual-Computing-Lab/openpose/include/openpose/core/headers.hpp...
Parsing file /home/travis/build/CMU-Perceptual-Computing-Lab/openpose/include/openpose/core/headers.hpp...
Preprocessing /home/travis/build/CMU-Perceptual-Computing-Lab/openpose/include/openpose/core/keypointScaler.hpp...
Parsing file /home/travis/build/CMU-Perceptual-Computing-Lab/openpose/include/openpose/core/keypointScaler.hpp...
Preprocessing /home/travis/build/CMU-Perceptual-Computing-Lab/openpose/include/openpose/core/macros.hpp...
Parsing file /home/travis/build/CMU-Perceptual-Computing-Lab/openpose/include/openpose/core/macros.hpp...
Preprocessing /home/travis/build/CMU-Perceptual-Computing-Lab/openpose/include/openpose/core/maximumBase.hpp...
Parsing file /home/travis/build/CMU-Perceptual-Computing-Lab/openpose/include/openpose/core/maximumBase.hpp...
Preprocessing /home/travis/build/CMU-Perceptual-Computing-Lab/openpose/include/openpose/core/maximumCaffe.hpp...
Parsing file /home/travis/build/CMU-Perceptual-Computing-Lab/openpose/include/openpose/core/maximumCaffe.hpp...
Preprocessing /home/travis/build/CMU-Perceptual-Computing-Lab/openpose/include/openpose/core/net.hpp...
Parsing file /home/travis/build/CMU-Perceptual-Computing-Lab/openpose/include/openpose/core/net.hpp...
Preprocessing /home/travis/build/CMU-Perceptual-Computing-Lab/openpose/include/openpose/core/netCaffe.hpp...
Parsing file /home/travis/build/CMU-Perceptual-Computing-Lab/openpose/include/openpose/core/netCaffe.hpp...
Preprocessing /home/travis/build/CMU-Perceptual-Computing-Lab/openpose/include/openpose/core/nmsBase.hpp...
Parsing file /home/travis/build/CMU-Perceptual-Computing-Lab/openpose/include/openpose/core/nmsBase.hpp...
Preprocessing /home/travis/build/CMU-Perceptual-Computing-Lab/openpose/include/openpose/core/nmsCaffe.hpp...
Parsing file /home/travis/build/CMU-Perceptual-Computing-Lab/openpose/include/openpose/core/nmsCaffe.hpp...
Preprocessing /home/travis/build/CMU-Perceptual-Computing-Lab/openpose/include/openpose/core/opOutputToCvMat.hpp...
Parsing file /home/travis/build/CMU-Perceptual-Computing-Lab/openpose/include/openpose/core/opOutputToCvMat.hpp...
Preprocessing /home/travis/build/CMU-Perceptual-Computing-Lab/openpose/include/openpose/core/point.hpp...
Parsing file /home/travis/build/CMU-Perceptual-Computing-Lab/openpose/include/openpose/core/point.hpp...
Preprocessing /home/travis/build/CMU-Perceptual-Computing-Lab/openpose/include/openpose/core/rectangle.hpp...
Parsing file /home/travis/build/CMU-Perceptual-Computing-Lab/openpose/include/openpose/core/rectangle.hpp...
Preprocessing /home/travis/build/CMU-Perceptual-Computing-Lab/openpose/include/openpose/core/renderer.hpp...
Parsing file /home/travis/build/CMU-Perceptual-Computing-Lab/openpose/include/openpose/core/renderer.hpp...
Preprocessing /home/travis/build/CMU-Perceptual-Computing-Lab/openpose/include/openpose/core/resizeAndMergeBase.hpp...
Parsing file /home/travis/build/CMU-Perceptual-Computing-Lab/openpose/include/openpose/core/resizeAndMergeBase.hpp...
Preprocessing /home/travis/build/CMU-Perceptual-Computing-Lab/openpose/include/openpose/core/resizeAndMergeCaffe.hpp...
Parsing file /home/travis/build/CMU-Perceptual-Computing-Lab/openpose/include/openpose/core/resizeAndMergeCaffe.hpp...
Preprocessing /home/travis/build/CMU-Perceptual-Computing-Lab/openpose/include/openpose/core/scaleAndSizeExtractor.hpp...
Parsing file /home/travis/build/CMU-Perceptual-Computing-Lab/openpose/include/openpose/core/scaleAndSizeExtractor.hpp...
Preprocessing /home/travis/build/CMU-Perceptual-Computing-Lab/openpose/include/openpose/core/wCvMatToOpInput.hpp...
Parsing file /home/travis/build/CMU-Perceptual-Computing-Lab/openpose/include/openpose/core/wCvMatToOpInput.hpp...
Preprocessing /home/travis/build/CMU-Perceptual-Computing-Lab/openpose/include/openpose/core/wCvMatToOpOutput.hpp...
Parsing file /home/travis/build/CMU-Perceptual-Computing-Lab/openpose/include/openpose/core/wCvMatToOpOutput.hpp...
Preprocessing /home/travis/build/CMU-Perceptual-Computing-Lab/openpose/include/openpose/core/wKeypointScaler.hpp...
Parsing file /home/travis/build/CMU-Perceptual-Computing-Lab/openpose/include/openpose/core/wKeypointScaler.hpp...
Preprocessing /home/travis/build/CMU-Perceptual-Computing-Lab/openpose/include/openpose/core/wOpOutputToCvMat.hpp...
Parsing file /home/travis/build/CMU-Perceptual-Computing-Lab/openpose/include/openpose/core/wOpOutputToCvMat.hpp...
Preprocessing /home/travis/build/CMU-Perceptual-Computing-Lab/openpose/include/openpose/core/wScaleAndSizeExtractor.hpp...
Parsing file /home/travis/build/CMU-Perceptual-Computing-Lab/openpose/include/openpose/core/wScaleAndSizeExtractor.hpp...
Preprocessing /home/travis/build/CMU-Perceptual-Computing-Lab/openpose/include/openpose/experimental/headers.hpp...
Parsing file /home/travis/build/CMU-Perceptual-Computing-Lab/openpose/include/openpose/experimental/headers.hpp...
Preprocessing /home/travis/build/CMU-Perceptual-Computing-Lab/openpose/include/openpose/experimental/producer/headers.hpp...
Parsing file /home/travis/build/CMU-Perceptual-Computing-Lab/openpose/include/openpose/experimental/producer/headers.hpp...
Preprocessing /home/travis/build/CMU-Perceptual-Computing-Lab/openpose/include/openpose/experimental/producer/wPeoplePoseLoader.hpp...
Parsing file /home/travis/build/CMU-Perceptual-Computing-Lab/openpose/include/openpose/experimental/producer/wPeoplePoseLoader.hpp...
Preprocessing /home/travis/build/CMU-Perceptual-Computing-Lab/openpose/include/openpose/face/faceCpuRenderer.hpp...
Parsing file /home/travis/build/CMU-Perceptual-Computing-Lab/openpose/include/openpose/face/faceCpuRenderer.hpp...
Preprocessing /home/travis/build/CMU-Perceptual-Computing-Lab/openpose/include/openpose/face/faceDetector.hpp...
Parsing file /home/travis/build/CMU-Perceptual-Computing-Lab/openpose/include/openpose/face/faceDetector.hpp...
Preprocessing /home/travis/build/CMU-Perceptual-Computing-Lab/openpose/include/openpose/face/faceDetectorOpenCV.hpp...
Parsing file /home/travis/build/CMU-Perceptual-Computing-Lab/openpose/include/openpose/face/faceDetectorOpenCV.hpp...
Preprocessing /home/travis/build/CMU-Perceptual-Computing-Lab/openpose/include/openpose/face/faceExtractor.hpp...
Parsing file /home/travis/build/CMU-Perceptual-Computing-Lab/openpose/include/openpose/face/faceExtractor.hpp...
Preprocessing /home/travis/build/CMU-Perceptual-Computing-Lab/openpose/include/openpose/face/faceExtractorCaffe.hpp...
Parsing file /home/travis/build/CMU-Perceptual-Computing-Lab/openpose/include/openpose/face/faceExtractorCaffe.hpp...
Preprocessing /home/travis/build/CMU-Perceptual-Computing-Lab/openpose/include/openpose/face/faceGpuRenderer.hpp...
Parsing file /home/travis/build/CMU-Perceptual-Computing-Lab/openpose/include/openpose/face/faceGpuRenderer.hpp...
Preprocessing /home/travis/build/CMU-Perceptual-Computing-Lab/openpose/include/openpose/face/faceParameters.hpp...
Parsing file /home/travis/build/CMU-Perceptual-Computing-Lab/openpose/include/openpose/face/faceParameters.hpp...
Preprocessing /home/travis/build/CMU-Perceptual-Computing-Lab/openpose/include/openpose/face/faceRenderer.hpp...
Parsing file /home/travis/build/CMU-Perceptual-Computing-Lab/openpose/include/openpose/face/faceRenderer.hpp...
Preprocessing /home/travis/build/CMU-Perceptual-Computing-Lab/openpose/include/openpose/face/headers.hpp...
Parsing file /home/travis/build/CMU-Perceptual-Computing-Lab/openpose/include/openpose/face/headers.hpp...
Preprocessing /home/travis/build/CMU-Perceptual-Computing-Lab/openpose/include/openpose/face/renderFace.hpp...
Parsing file /home/travis/build/CMU-Perceptual-Computing-Lab/openpose/include/openpose/face/renderFace.hpp...
Preprocessing /home/travis/build/CMU-Perceptual-Computing-Lab/openpose/include/openpose/face/wFaceDetector.hpp...
Parsing file /home/travis/build/CMU-Perceptual-Computing-Lab/openpose/include/openpose/face/wFaceDetector.hpp...
Preprocessing /home/travis/build/CMU-Perceptual-Computing-Lab/openpose/include/openpose/face/wFaceDetectorOpenCV.hpp...
Parsing file /home/travis/build/CMU-Perceptual-Computing-Lab/openpose/include/openpose/face/wFaceDetectorOpenCV.hpp...
Preprocessing /home/travis/build/CMU-Perceptual-Computing-Lab/openpose/include/openpose/face/wFaceExtractor.hpp...
Parsing file /home/travis/build/CMU-Perceptual-Computing-Lab/openpose/include/openpose/face/wFaceExtractor.hpp...
Preprocessing /home/travis/build/CMU-Perceptual-Computing-Lab/openpose/include/openpose/face/wFaceRenderer.hpp...
Parsing file /home/travis/build/CMU-Perceptual-Computing-Lab/openpose/include/openpose/face/wFaceRenderer.hpp...
Preprocessing /home/travis/build/CMU-Perceptual-Computing-Lab/openpose/include/openpose/filestream/cocoJsonSaver.hpp...
Parsing file /home/travis/build/CMU-Perceptual-Computing-Lab/openpose/include/openpose/filestream/cocoJsonSaver.hpp...
Preprocessing /home/travis/build/CMU-Perceptual-Computing-Lab/openpose/include/openpose/filestream/enumClasses.hpp...
Parsing file /home/travis/build/CMU-Perceptual-Computing-Lab/openpose/include/openpose/filestream/enumClasses.hpp...
Preprocessing /home/travis/build/CMU-Perceptual-Computing-Lab/openpose/include/openpose/filestream/fileSaver.hpp...
Parsing file /home/travis/build/CMU-Perceptual-Computing-Lab/openpose/include/openpose/filestream/fileSaver.hpp...
Preprocessing /home/travis/build/CMU-Perceptual-Computing-Lab/openpose/include/openpose/filestream/fileStream.hpp...
Parsing file /home/travis/build/CMU-Perceptual-Computing-Lab/openpose/include/openpose/filestream/fileStream.hpp...
Preprocessing /home/travis/build/CMU-Perceptual-Computing-Lab/openpose/include/openpose/filestream/headers.hpp...
Parsing file /home/travis/build/CMU-Perceptual-Computing-Lab/openpose/include/openpose/filestream/headers.hpp...
Preprocessing /home/travis/build/CMU-Perceptual-Computing-Lab/openpose/include/openpose/filestream/heatMapSaver.hpp...
Parsing file /home/travis/build/CMU-Perceptual-Computing-Lab/openpose/include/openpose/filestream/heatMapSaver.hpp...
Preprocessing /home/travis/build/CMU-Perceptual-Computing-Lab/openpose/include/openpose/filestream/imageSaver.hpp...
Parsing file /home/travis/build/CMU-Perceptual-Computing-Lab/openpose/include/openpose/filestream/imageSaver.hpp...
Preprocessing /home/travis/build/CMU-Perceptual-Computing-Lab/openpose/include/openpose/filestream/jsonOfstream.hpp...
Parsing file /home/travis/build/CMU-Perceptual-Computing-Lab/openpose/include/openpose/filestream/jsonOfstream.hpp...
Preprocessing /home/travis/build/CMU-Perceptual-Computing-Lab/openpose/include/openpose/filestream/keypointJsonSaver.hpp...
Parsing file /home/travis/build/CMU-Perceptual-Computing-Lab/openpose/include/openpose/filestream/keypointJsonSaver.hpp...
Preprocessing /home/travis/build/CMU-Perceptual-Computing-Lab/openpose/include/openpose/filestream/keypointSaver.hpp...
Parsing file /home/travis/build/CMU-Perceptual-Computing-Lab/openpose/include/openpose/filestream/keypointSaver.hpp...
Preprocessing /home/travis/build/CMU-Perceptual-Computing-Lab/openpose/include/openpose/filestream/videoSaver.hpp...
Parsing file /home/travis/build/CMU-Perceptual-Computing-Lab/openpose/include/openpose/filestream/videoSaver.hpp...
Preprocessing /home/travis/build/CMU-Perceptual-Computing-Lab/openpose/include/openpose/filestream/wCocoJsonSaver.hpp...
Parsing file /home/travis/build/CMU-Perceptual-Computing-Lab/openpose/include/openpose/filestream/wCocoJsonSaver.hpp...
Preprocessing /home/travis/build/CMU-Perceptual-Computing-Lab/openpose/include/openpose/filestream/wFaceSaver.hpp...
Parsing file /home/travis/build/CMU-Perceptual-Computing-Lab/openpose/include/openpose/filestream/wFaceSaver.hpp...
Preprocessing /home/travis/build/CMU-Perceptual-Computing-Lab/openpose/include/openpose/filestream/wHandSaver.hpp...
Parsing file /home/travis/build/CMU-Perceptual-Computing-Lab/openpose/include/openpose/filestream/wHandSaver.hpp...
Preprocessing /home/travis/build/CMU-Perceptual-Computing-Lab/openpose/include/openpose/filestream/wHeatMapSaver.hpp...
Parsing file /home/travis/build/CMU-Perceptual-Computing-Lab/openpose/include/openpose/filestream/wHeatMapSaver.hpp...
Preprocessing /home/travis/build/CMU-Perceptual-Computing-Lab/openpose/include/openpose/filestream/wImageSaver.hpp...
Parsing file /home/travis/build/CMU-Perceptual-Computing-Lab/openpose/include/openpose/filestream/wImageSaver.hpp...
Preprocessing /home/travis/build/CMU-Perceptual-Computing-Lab/openpose/include/openpose/filestream/wKeypointJsonSaver.hpp...
Parsing file /home/travis/build/CMU-Perceptual-Computing-Lab/openpose/include/openpose/filestream/wKeypointJsonSaver.hpp...
Preprocessing /home/travis/build/CMU-Perceptual-Computing-Lab/openpose/include/openpose/filestream/wPoseSaver.hpp...
Parsing file /home/travis/build/CMU-Perceptual-Computing-Lab/openpose/include/openpose/filestream/wPoseSaver.hpp...
Preprocessing /home/travis/build/CMU-Perceptual-Computing-Lab/openpose/include/openpose/filestream/wVideoSaver.hpp...
Parsing file /home/travis/build/CMU-Perceptual-Computing-Lab/openpose/include/openpose/filestream/wVideoSaver.hpp...
Preprocessing /home/travis/build/CMU-Perceptual-Computing-Lab/openpose/include/openpose/gui/enumClasses.hpp...
Parsing file /home/travis/build/CMU-Perceptual-Computing-Lab/openpose/include/openpose/gui/enumClasses.hpp...
Preprocessing /home/travis/build/CMU-Perceptual-Computing-Lab/openpose/include/openpose/gui/frameDisplayer.hpp...
Parsing file /home/travis/build/CMU-Perceptual-Computing-Lab/openpose/include/openpose/gui/frameDisplayer.hpp...
Preprocessing /home/travis/build/CMU-Perceptual-Computing-Lab/openpose/include/openpose/gui/gui.hpp...
Parsing file /home/travis/build/CMU-Perceptual-Computing-Lab/openpose/include/openpose/gui/gui.hpp...
Preprocessing /home/travis/build/CMU-Perceptual-Computing-Lab/openpose/include/openpose/gui/guiInfoAdder.hpp...
Parsing file /home/travis/build/CMU-Perceptual-Computing-Lab/openpose/include/openpose/gui/guiInfoAdder.hpp...
Preprocessing /home/travis/build/CMU-Perceptual-Computing-Lab/openpose/include/openpose/gui/headers.hpp...
Parsing file /home/travis/build/CMU-Perceptual-Computing-Lab/openpose/include/openpose/gui/headers.hpp...
Preprocessing /home/travis/build/CMU-Perceptual-Computing-Lab/openpose/include/openpose/gui/wGui.hpp...
Parsing file /home/travis/build/CMU-Perceptual-Computing-Lab/openpose/include/openpose/gui/wGui.hpp...
Preprocessing /home/travis/build/CMU-Perceptual-Computing-Lab/openpose/include/openpose/gui/wGuiInfoAdder.hpp...
Parsing file /home/travis/build/CMU-Perceptual-Computing-Lab/openpose/include/openpose/gui/wGuiInfoAdder.hpp...
Preprocessing /home/travis/build/CMU-Perceptual-Computing-Lab/openpose/include/openpose/hand/handCpuRenderer.hpp...
Parsing file /home/travis/build/CMU-Perceptual-Computing-Lab/openpose/include/openpose/hand/handCpuRenderer.hpp...
Preprocessing /home/travis/build/CMU-Perceptual-Computing-Lab/openpose/include/openpose/hand/handDetector.hpp...
Parsing file /home/travis/build/CMU-Perceptual-Computing-Lab/openpose/include/openpose/hand/handDetector.hpp...
Preprocessing /home/travis/build/CMU-Perceptual-Computing-Lab/openpose/include/openpose/hand/handDetectorFromTxt.hpp...
Parsing file /home/travis/build/CMU-Perceptual-Computing-Lab/openpose/include/openpose/hand/handDetectorFromTxt.hpp...
Preprocessing /home/travis/build/CMU-Perceptual-Computing-Lab/openpose/include/openpose/hand/handExtractor.hpp...
Parsing file /home/travis/build/CMU-Perceptual-Computing-Lab/openpose/include/openpose/hand/handExtractor.hpp...
Preprocessing /home/travis/build/CMU-Perceptual-Computing-Lab/openpose/include/openpose/hand/handExtractorCaffe.hpp...
Parsing file /home/travis/build/CMU-Perceptual-Computing-Lab/openpose/include/openpose/hand/handExtractorCaffe.hpp...
Preprocessing /home/travis/build/CMU-Perceptual-Computing-Lab/openpose/include/openpose/hand/handGpuRenderer.hpp...
Parsing file /home/travis/build/CMU-Perceptual-Computing-Lab/openpose/include/openpose/hand/handGpuRenderer.hpp...
Preprocessing /home/travis/build/CMU-Perceptual-Computing-Lab/openpose/include/openpose/hand/handParameters.hpp...
Parsing file /home/travis/build/CMU-Perceptual-Computing-Lab/openpose/include/openpose/hand/handParameters.hpp...
Preprocessing /home/travis/build/CMU-Perceptual-Computing-Lab/openpose/include/openpose/hand/handRenderer.hpp...
Parsing file /home/travis/build/CMU-Perceptual-Computing-Lab/openpose/include/openpose/hand/handRenderer.hpp...
Preprocessing /home/travis/build/CMU-Perceptual-Computing-Lab/openpose/include/openpose/hand/headers.hpp...
Parsing file /home/travis/build/CMU-Perceptual-Computing-Lab/openpose/include/openpose/hand/headers.hpp...
Preprocessing /home/travis/build/CMU-Perceptual-Computing-Lab/openpose/include/openpose/hand/renderHand.hpp...
Parsing file /home/travis/build/CMU-Perceptual-Computing-Lab/openpose/include/openpose/hand/renderHand.hpp...
Preprocessing /home/travis/build/CMU-Perceptual-Computing-Lab/openpose/include/openpose/hand/wHandDetector.hpp...
Parsing file /home/travis/build/CMU-Perceptual-Computing-Lab/openpose/include/openpose/hand/wHandDetector.hpp...
Preprocessing /home/travis/build/CMU-Perceptual-Computing-Lab/openpose/include/openpose/hand/wHandDetectorFromTxt.hpp...
Parsing file /home/travis/build/CMU-Perceptual-Computing-Lab/openpose/include/openpose/hand/wHandDetectorFromTxt.hpp...
Preprocessing /home/travis/build/CMU-Perceptual-Computing-Lab/openpose/include/openpose/hand/wHandDetectorTracking.hpp...
Parsing file /home/travis/build/CMU-Perceptual-Computing-Lab/openpose/include/openpose/hand/wHandDetectorTracking.hpp...
Preprocessing /home/travis/build/CMU-Perceptual-Computing-Lab/openpose/include/openpose/hand/wHandDetectorUpdate.hpp...
Parsing file /home/travis/build/CMU-Perceptual-Computing-Lab/openpose/include/openpose/hand/wHandDetectorUpdate.hpp...
Preprocessing /home/travis/build/CMU-Perceptual-Computing-Lab/openpose/include/openpose/hand/wHandExtractor.hpp...
Parsing file /home/travis/build/CMU-Perceptual-Computing-Lab/openpose/include/openpose/hand/wHandExtractor.hpp...
Preprocessing /home/travis/build/CMU-Perceptual-Computing-Lab/openpose/include/openpose/hand/wHandRenderer.hpp...
Parsing file /home/travis/build/CMU-Perceptual-Computing-Lab/openpose/include/openpose/hand/wHandRenderer.hpp...
Preprocessing /home/travis/build/CMU-Perceptual-Computing-Lab/openpose/include/openpose/headers.hpp...
Parsing file /home/travis/build/CMU-Perceptual-Computing-Lab/openpose/include/openpose/headers.hpp...
Preprocessing /home/travis/build/CMU-Perceptual-Computing-Lab/openpose/include/openpose/pose/bodyPartConnectorBase.hpp...
Parsing file /home/travis/build/CMU-Perceptual-Computing-Lab/openpose/include/openpose/pose/bodyPartConnectorBase.hpp...
Preprocessing /home/travis/build/CMU-Perceptual-Computing-Lab/openpose/include/openpose/pose/bodyPartConnectorCaffe.hpp...
Parsing file /home/travis/build/CMU-Perceptual-Computing-Lab/openpose/include/openpose/pose/bodyPartConnectorCaffe.hpp...
Preprocessing /home/travis/build/CMU-Perceptual-Computing-Lab/openpose/include/openpose/pose/enumClasses.hpp...
Parsing file /home/travis/build/CMU-Perceptual-Computing-Lab/openpose/include/openpose/pose/enumClasses.hpp...
Preprocessing /home/travis/build/CMU-Perceptual-Computing-Lab/openpose/include/openpose/pose/headers.hpp...
Parsing file /home/travis/build/CMU-Perceptual-Computing-Lab/openpose/include/openpose/pose/headers.hpp...
Preprocessing /home/travis/build/CMU-Perceptual-Computing-Lab/openpose/include/openpose/pose/poseCpuRenderer.hpp...
Parsing file /home/travis/build/CMU-Perceptual-Computing-Lab/openpose/include/openpose/pose/poseCpuRenderer.hpp...
Preprocessing /home/travis/build/CMU-Perceptual-Computing-Lab/openpose/include/openpose/pose/poseExtractor.hpp...
Parsing file /home/travis/build/CMU-Perceptual-Computing-Lab/openpose/include/openpose/pose/poseExtractor.hpp...
Preprocessing /home/travis/build/CMU-Perceptual-Computing-Lab/openpose/include/openpose/pose/poseExtractorCaffe.hpp...
Parsing file /home/travis/build/CMU-Perceptual-Computing-Lab/openpose/include/openpose/pose/poseExtractorCaffe.hpp...
Preprocessing /home/travis/build/CMU-Perceptual-Computing-Lab/openpose/include/openpose/pose/poseGpuRenderer.hpp...
Parsing file /home/travis/build/CMU-Perceptual-Computing-Lab/openpose/include/openpose/pose/poseGpuRenderer.hpp...
Preprocessing /home/travis/build/CMU-Perceptual-Computing-Lab/openpose/include/openpose/pose/poseParameters.hpp...
Parsing file /home/travis/build/CMU-Perceptual-Computing-Lab/openpose/include/openpose/pose/poseParameters.hpp...
Preprocessing /home/travis/build/CMU-Perceptual-Computing-Lab/openpose/include/openpose/pose/poseRenderer.hpp...
Parsing file /home/travis/build/CMU-Perceptual-Computing-Lab/openpose/include/openpose/pose/poseRenderer.hpp...
Preprocessing /home/travis/build/CMU-Perceptual-Computing-Lab/openpose/include/openpose/pose/renderPose.hpp...
Parsing file /home/travis/build/CMU-Perceptual-Computing-Lab/openpose/include/openpose/pose/renderPose.hpp...
Preprocessing /home/travis/build/CMU-Perceptual-Computing-Lab/openpose/include/openpose/pose/wPoseExtractor.hpp...
Parsing file /home/travis/build/CMU-Perceptual-Computing-Lab/openpose/include/openpose/pose/wPoseExtractor.hpp...
Preprocessing /home/travis/build/CMU-Perceptual-Computing-Lab/openpose/include/openpose/pose/wPoseRenderer.hpp...
Parsing file /home/travis/build/CMU-Perceptual-Computing-Lab/openpose/include/openpose/pose/wPoseRenderer.hpp...
Preprocessing /home/travis/build/CMU-Perceptual-Computing-Lab/openpose/include/openpose/producer/datumProducer.hpp...
Parsing file /home/travis/build/CMU-Perceptual-Computing-Lab/openpose/include/openpose/producer/datumProducer.hpp...
Preprocessing /home/travis/build/CMU-Perceptual-Computing-Lab/openpose/include/openpose/producer/enumClasses.hpp...
Parsing file /home/travis/build/CMU-Perceptual-Computing-Lab/openpose/include/openpose/producer/enumClasses.hpp...
Preprocessing /home/travis/build/CMU-Perceptual-Computing-Lab/openpose/include/openpose/producer/headers.hpp...
Parsing file /home/travis/build/CMU-Perceptual-Computing-Lab/openpose/include/openpose/producer/headers.hpp...
Preprocessing /home/travis/build/CMU-Perceptual-Computing-Lab/openpose/include/openpose/producer/imageDirectoryReader.hpp...
Parsing file /home/travis/build/CMU-Perceptual-Computing-Lab/openpose/include/openpose/producer/imageDirectoryReader.hpp...
Preprocessing /home/travis/build/CMU-Perceptual-Computing-Lab/openpose/include/openpose/producer/ipCameraReader.hpp...
Parsing file /home/travis/build/CMU-Perceptual-Computing-Lab/openpose/include/openpose/producer/ipCameraReader.hpp...
Preprocessing /home/travis/build/CMU-Perceptual-Computing-Lab/openpose/include/openpose/producer/producer.hpp...
Parsing file /home/travis/build/CMU-Perceptual-Computing-Lab/openpose/include/openpose/producer/producer.hpp...
Preprocessing /home/travis/build/CMU-Perceptual-Computing-Lab/openpose/include/openpose/producer/videoCaptureReader.hpp...
Parsing file /home/travis/build/CMU-Perceptual-Computing-Lab/openpose/include/openpose/producer/videoCaptureReader.hpp...
Preprocessing /home/travis/build/CMU-Perceptual-Computing-Lab/openpose/include/openpose/producer/videoReader.hpp...
Parsing file /home/travis/build/CMU-Perceptual-Computing-Lab/openpose/include/openpose/producer/videoReader.hpp...
Preprocessing /home/travis/build/CMU-Perceptual-Computing-Lab/openpose/include/openpose/producer/wDatumProducer.hpp...
Parsing file /home/travis/build/CMU-Perceptual-Computing-Lab/openpose/include/openpose/producer/wDatumProducer.hpp...
Preprocessing /home/travis/build/CMU-Perceptual-Computing-Lab/openpose/include/openpose/producer/webcamReader.hpp...
Parsing file /home/travis/build/CMU-Perceptual-Computing-Lab/openpose/include/openpose/producer/webcamReader.hpp...
Preprocessing /home/travis/build/CMU-Perceptual-Computing-Lab/openpose/include/openpose/thread/enumClasses.hpp...
Parsing file /home/travis/build/CMU-Perceptual-Computing-Lab/openpose/include/openpose/thread/enumClasses.hpp...
Preprocessing /home/travis/build/CMU-Perceptual-Computing-Lab/openpose/include/openpose/thread/headers.hpp...
Parsing file /home/travis/build/CMU-Perceptual-Computing-Lab/openpose/include/openpose/thread/headers.hpp...
Preprocessing /home/travis/build/CMU-Perceptual-Computing-Lab/openpose/include/openpose/thread/priorityQueue.hpp...
Parsing file /home/travis/build/CMU-Perceptual-Computing-Lab/openpose/include/openpose/thread/priorityQueue.hpp...
Preprocessing /home/travis/build/CMU-Perceptual-Computing-Lab/openpose/include/openpose/thread/queue.hpp...
Parsing file /home/travis/build/CMU-Perceptual-Computing-Lab/openpose/include/openpose/thread/queue.hpp...
Preprocessing /home/travis/build/CMU-Perceptual-Computing-Lab/openpose/include/openpose/thread/queueBase.hpp...
Parsing file /home/travis/build/CMU-Perceptual-Computing-Lab/openpose/include/openpose/thread/queueBase.hpp...
Preprocessing /home/travis/build/CMU-Perceptual-Computing-Lab/openpose/include/openpose/thread/subThread.hpp...
Parsing file /home/travis/build/CMU-Perceptual-Computing-Lab/openpose/include/openpose/thread/subThread.hpp...
Preprocessing /home/travis/build/CMU-Perceptual-Computing-Lab/openpose/include/openpose/thread/subThreadNoQueue.hpp...
Parsing file /home/travis/build/CMU-Perceptual-Computing-Lab/openpose/include/openpose/thread/subThreadNoQueue.hpp...
Preprocessing /home/travis/build/CMU-Perceptual-Computing-Lab/openpose/include/openpose/thread/subThreadQueueIn.hpp...
Parsing file /home/travis/build/CMU-Perceptual-Computing-Lab/openpose/include/openpose/thread/subThreadQueueIn.hpp...
Preprocessing /home/travis/build/CMU-Perceptual-Computing-Lab/openpose/include/openpose/thread/subThreadQueueInOut.hpp...
Parsing file /home/travis/build/CMU-Perceptual-Computing-Lab/openpose/include/openpose/thread/subThreadQueueInOut.hpp...
Preprocessing /home/travis/build/CMU-Perceptual-Computing-Lab/openpose/include/openpose/thread/subThreadQueueOut.hpp...
Parsing file /home/travis/build/CMU-Perceptual-Computing-Lab/openpose/include/openpose/thread/subThreadQueueOut.hpp...
Preprocessing /home/travis/build/CMU-Perceptual-Computing-Lab/openpose/include/openpose/thread/thread.hpp...
Parsing file /home/travis/build/CMU-Perceptual-Computing-Lab/openpose/include/openpose/thread/thread.hpp...
Preprocessing /home/travis/build/CMU-Perceptual-Computing-Lab/openpose/include/openpose/thread/threadManager.hpp...
Parsing file /home/travis/build/CMU-Perceptual-Computing-Lab/openpose/include/openpose/thread/threadManager.hpp...
Preprocessing /home/travis/build/CMU-Perceptual-Computing-Lab/openpose/include/openpose/thread/wIdGenerator.hpp...
Parsing file /home/travis/build/CMU-Perceptual-Computing-Lab/openpose/include/openpose/thread/wIdGenerator.hpp...
Preprocessing /home/travis/build/CMU-Perceptual-Computing-Lab/openpose/include/openpose/thread/worker.hpp...
Parsing file /home/travis/build/CMU-Perceptual-Computing-Lab/openpose/include/openpose/thread/worker.hpp...
Preprocessing /home/travis/build/CMU-Perceptual-Computing-Lab/openpose/include/openpose/thread/workerConsumer.hpp...
Parsing file /home/travis/build/CMU-Perceptual-Computing-Lab/openpose/include/openpose/thread/workerConsumer.hpp...
Preprocessing /home/travis/build/CMU-Perceptual-Computing-Lab/openpose/include/openpose/thread/workerProducer.hpp...
Parsing file /home/travis/build/CMU-Perceptual-Computing-Lab/openpose/include/openpose/thread/workerProducer.hpp...
Preprocessing /home/travis/build/CMU-Perceptual-Computing-Lab/openpose/include/openpose/thread/wQueueOrderer.hpp...
Parsing file /home/travis/build/CMU-Perceptual-Computing-Lab/openpose/include/openpose/thread/wQueueOrderer.hpp...
Preprocessing /home/travis/build/CMU-Perceptual-Computing-Lab/openpose/include/openpose/utilities/check.hpp...
Parsing file /home/travis/build/CMU-Perceptual-Computing-Lab/openpose/include/openpose/utilities/check.hpp...
Preprocessing /home/travis/build/CMU-Perceptual-Computing-Lab/openpose/include/openpose/utilities/cuda.hpp...
Parsing file /home/travis/build/CMU-Perceptual-Computing-Lab/openpose/include/openpose/utilities/cuda.hpp...
Preprocessing /home/travis/build/CMU-Perceptual-Computing-Lab/openpose/include/openpose/utilities/enumClasses.hpp...
Parsing file /home/travis/build/CMU-Perceptual-Computing-Lab/openpose/include/openpose/utilities/enumClasses.hpp...
Preprocessing /home/travis/build/CMU-Perceptual-Computing-Lab/openpose/include/openpose/utilities/errorAndLog.hpp...
Parsing file /home/travis/build/CMU-Perceptual-Computing-Lab/openpose/include/openpose/utilities/errorAndLog.hpp...
Preprocessing /home/travis/build/CMU-Perceptual-Computing-Lab/openpose/include/openpose/utilities/fastMath.hpp...
Parsing file /home/travis/build/CMU-Perceptual-Computing-Lab/openpose/include/openpose/utilities/fastMath.hpp...
Preprocessing /home/travis/build/CMU-Perceptual-Computing-Lab/openpose/include/openpose/utilities/fileSystem.hpp...
Parsing file /home/travis/build/CMU-Perceptual-Computing-Lab/openpose/include/openpose/utilities/fileSystem.hpp...
Preprocessing /home/travis/build/CMU-Perceptual-Computing-Lab/openpose/include/openpose/utilities/flagsToOpenPose.hpp...
Parsing file /home/travis/build/CMU-Perceptual-Computing-Lab/openpose/include/openpose/utilities/flagsToOpenPose.hpp...
Preprocessing /home/travis/build/CMU-Perceptual-Computing-Lab/openpose/include/openpose/utilities/headers.hpp...
Parsing file /home/travis/build/CMU-Perceptual-Computing-Lab/openpose/include/openpose/utilities/headers.hpp...
Preprocessing /home/travis/build/CMU-Perceptual-Computing-Lab/openpose/include/openpose/utilities/keypoint.hpp...
Parsing file /home/travis/build/CMU-Perceptual-Computing-Lab/openpose/include/openpose/utilities/keypoint.hpp...
Preprocessing /home/travis/build/CMU-Perceptual-Computing-Lab/openpose/include/openpose/utilities/openCv.hpp...
Parsing file /home/travis/build/CMU-Perceptual-Computing-Lab/openpose/include/openpose/utilities/openCv.hpp...
Preprocessing /home/travis/build/CMU-Perceptual-Computing-Lab/openpose/include/openpose/utilities/pointerContainer.hpp...
Parsing file /home/travis/build/CMU-Perceptual-Computing-Lab/openpose/include/openpose/utilities/pointerContainer.hpp...
Preprocessing /home/travis/build/CMU-Perceptual-Computing-Lab/openpose/include/openpose/utilities/profiler.hpp...
Parsing file /home/travis/build/CMU-Perceptual-Computing-Lab/openpose/include/openpose/utilities/profiler.hpp...
Preprocessing /home/travis/build/CMU-Perceptual-Computing-Lab/openpose/include/openpose/utilities/string.hpp...
Parsing file /home/travis/build/CMU-Perceptual-Computing-Lab/openpose/include/openpose/utilities/string.hpp...
Preprocessing /home/travis/build/CMU-Perceptual-Computing-Lab/openpose/include/openpose/wrapper/headers.hpp...
Parsing file /home/travis/build/CMU-Perceptual-Computing-Lab/openpose/include/openpose/wrapper/headers.hpp...
Preprocessing /home/travis/build/CMU-Perceptual-Computing-Lab/openpose/include/openpose/wrapper/wrapper.hpp...
Parsing file /home/travis/build/CMU-Perceptual-Computing-Lab/openpose/include/openpose/wrapper/wrapper.hpp...
Preprocessing /home/travis/build/CMU-Perceptual-Computing-Lab/openpose/include/openpose/wrapper/wrapperStructFace.hpp...
Parsing file /home/travis/build/CMU-Perceptual-Computing-Lab/openpose/include/openpose/wrapper/wrapperStructFace.hpp...
Preprocessing /home/travis/build/CMU-Perceptual-Computing-Lab/openpose/include/openpose/wrapper/wrapperStructHand.hpp...
Parsing file /home/travis/build/CMU-Perceptual-Computing-Lab/openpose/include/openpose/wrapper/wrapperStructHand.hpp...
Preprocessing /home/travis/build/CMU-Perceptual-Computing-Lab/openpose/include/openpose/wrapper/wrapperStructInput.hpp...
Parsing file /home/travis/build/CMU-Perceptual-Computing-Lab/openpose/include/openpose/wrapper/wrapperStructInput.hpp...
Preprocessing /home/travis/build/CMU-Perceptual-Computing-Lab/openpose/include/openpose/wrapper/wrapperStructOutput.hpp...
Parsing file /home/travis/build/CMU-Perceptual-Computing-Lab/openpose/include/openpose/wrapper/wrapperStructOutput.hpp...
Preprocessing /home/travis/build/CMU-Perceptual-Computing-Lab/openpose/include/openpose/wrapper/wrapperStructPose.hpp...
Parsing file /home/travis/build/CMU-Perceptual-Computing-Lab/openpose/include/openpose/wrapper/wrapperStructPose.hpp...
Building group list...
Building directory list...
Building namespace list...
Building file list...
Building class list...
Associating documentation with classes...
Computing nesting relations for classes...
Building example list...
Searching for enumerations...
Searching for documented typedefs...
Searching for members imported via using declarations...
Searching for included using directives...
Searching for documented variables...
Building interface member list...
Building member list...
Searching for friends...
Searching for documented defines...
Computing class inheritance relations...
Computing class usage relations...
Flushing cached template relations that have become invalid...
Creating members for template instances...
Computing class relations...
Add enum values to enums...
Searching for member function documentation...
Building page list...
Search for main page...
Computing page relations...
Determining the scope of groups...
Sorting lists...
Freeing entry tree
Determining which enums are documented
Computing member relations...
Building full member lists recursively...
Adding members to member groups.
Computing member references...
Inheriting documentation...
Generating disk names...
Adding source references...
Adding xrefitems...
Sorting member lists...
Computing dependencies between directories...
Generating citations page...
Counting data structures...
Resolving user defined references...
Finding anchors and sections in the documentation...
Transferring function references...
Combining using relations...
Adding members to index pages...
Generating style sheet...
Generating search indices...
Generating example documentation...
Generating file sources...
Generating code for file /home/travis/build/CMU-Perceptual-Computing-Lab/openpose/include/openpose/core/array.hpp...
Generating code for file /home/travis/build/CMU-Perceptual-Computing-Lab/openpose/include/openpose/core/common.hpp...
Generating code for file /home/travis/build/CMU-Perceptual-Computing-Lab/openpose/include/openpose/core/cvMatToOpInput.hpp...
Generating code for file /home/travis/build/CMU-Perceptual-Computing-Lab/openpose/include/openpose/core/cvMatToOpOutput.hpp...
Generating code for file /home/travis/build/CMU-Perceptual-Computing-Lab/openpose/include/openpose/core/datum.hpp...
Generating code for file /home/travis/build/CMU-Perceptual-Computing-Lab/openpose/include/openpose/core/enumClasses.hpp...
Generating code for file /home/travis/build/CMU-Perceptual-Computing-Lab/openpose/include/openpose/filestream/enumClasses.hpp...
Generating code for file /home/travis/build/CMU-Perceptual-Computing-Lab/openpose/include/openpose/gui/enumClasses.hpp...
Generating code for file /home/travis/build/CMU-Perceptual-Computing-Lab/openpose/include/openpose/pose/enumClasses.hpp...
Generating code for file /home/travis/build/CMU-Perceptual-Computing-Lab/openpose/include/openpose/producer/enumClasses.hpp...
Generating code for file /home/travis/build/CMU-Perceptual-Computing-Lab/openpose/include/openpose/thread/enumClasses.hpp...
Generating code for file /home/travis/build/CMU-Perceptual-Computing-Lab/openpose/include/openpose/utilities/enumClasses.hpp...
Generating code for file /home/travis/build/CMU-Perceptual-Computing-Lab/openpose/include/openpose/core/gpuRenderer.hpp...
Generating code for file /home/travis/build/CMU-Perceptual-Computing-Lab/openpose/include/openpose/core/headers.hpp...
Generating code for file /home/travis/build/CMU-Perceptual-Computing-Lab/openpose/include/openpose/experimental/headers.hpp...
Generating code for file /home/travis/build/CMU-Perceptual-Computing-Lab/openpose/include/openpose/experimental/producer/headers.hpp...
Generating code for file /home/travis/build/CMU-Perceptual-Computing-Lab/openpose/include/openpose/face/headers.hpp...
Generating code for file /home/travis/build/CMU-Perceptual-Computing-Lab/openpose/include/openpose/filestream/headers.hpp...
Generating code for file /home/travis/build/CMU-Perceptual-Computing-Lab/openpose/include/openpose/gui/headers.hpp...
Generating code for file /home/travis/build/CMU-Perceptual-Computing-Lab/openpose/include/openpose/hand/headers.hpp...
Generating code for file /home/travis/build/CMU-Perceptual-Computing-Lab/openpose/include/openpose/headers.hpp...
Generating code for file /home/travis/build/CMU-Perceptual-Computing-Lab/openpose/include/openpose/pose/headers.hpp...
Generating code for file /home/travis/build/CMU-Perceptual-Computing-Lab/openpose/include/openpose/producer/headers.hpp...
Generating code for file /home/travis/build/CMU-Perceptual-Computing-Lab/openpose/include/openpose/thread/headers.hpp...
Generating code for file /home/travis/build/CMU-Perceptual-Computing-Lab/openpose/include/openpose/utilities/headers.hpp...
Generating code for file /home/travis/build/CMU-Perceptual-Computing-Lab/openpose/include/openpose/wrapper/headers.hpp...
Generating code for file /home/travis/build/CMU-Perceptual-Computing-Lab/openpose/include/openpose/core/keypointScaler.hpp...
Generating code for file /home/travis/build/CMU-Perceptual-Computing-Lab/openpose/include/openpose/core/macros.hpp...
Generating code for file /home/travis/build/CMU-Perceptual-Computing-Lab/openpose/include/openpose/core/maximumBase.hpp...
Generating code for file /home/travis/build/CMU-Perceptual-Computing-Lab/openpose/include/openpose/core/maximumCaffe.hpp...
Generating code for file /home/travis/build/CMU-Perceptual-Computing-Lab/openpose/include/openpose/core/net.hpp...
Generating code for file /home/travis/build/CMU-Perceptual-Computing-Lab/openpose/include/openpose/core/netCaffe.hpp...
Generating code for file /home/travis/build/CMU-Perceptual-Computing-Lab/openpose/include/openpose/core/nmsBase.hpp...
Generating code for file /home/travis/build/CMU-Perceptual-Computing-Lab/openpose/include/openpose/core/nmsCaffe.hpp...
Generating code for file /home/travis/build/CMU-Perceptual-Computing-Lab/openpose/include/openpose/core/opOutputToCvMat.hpp...
Generating code for file /home/travis/build/CMU-Perceptual-Computing-Lab/openpose/include/openpose/core/point.hpp...
Generating code for file /home/travis/build/CMU-Perceptual-Computing-Lab/openpose/include/openpose/core/rectangle.hpp...
Generating code for file /home/travis/build/CMU-Perceptual-Computing-Lab/openpose/include/openpose/core/renderer.hpp...
Generating code for file /home/travis/build/CMU-Perceptual-Computing-Lab/openpose/include/openpose/core/resizeAndMergeBase.hpp...
Generating code for file /home/travis/build/CMU-Perceptual-Computing-Lab/openpose/include/openpose/core/resizeAndMergeCaffe.hpp...
Generating code for file /home/travis/build/CMU-Perceptual-Computing-Lab/openpose/include/openpose/core/scaleAndSizeExtractor.hpp...
Generating code for file /home/travis/build/CMU-Perceptual-Computing-Lab/openpose/include/openpose/core/wCvMatToOpInput.hpp...
Generating code for file /home/travis/build/CMU-Perceptual-Computing-Lab/openpose/include/openpose/core/wCvMatToOpOutput.hpp...
Generating code for file /home/travis/build/CMU-Perceptual-Computing-Lab/openpose/include/openpose/core/wKeypointScaler.hpp...
Generating code for file /home/travis/build/CMU-Perceptual-Computing-Lab/openpose/include/openpose/core/wOpOutputToCvMat.hpp...
Generating code for file /home/travis/build/CMU-Perceptual-Computing-Lab/openpose/include/openpose/core/wScaleAndSizeExtractor.hpp...
Generating code for file /home/travis/build/CMU-Perceptual-Computing-Lab/openpose/include/openpose/experimental/producer/wPeoplePoseLoader.hpp...
Generating code for file /home/travis/build/CMU-Perceptual-Computing-Lab/openpose/include/openpose/face/faceCpuRenderer.hpp...
Generating code for file /home/travis/build/CMU-Perceptual-Computing-Lab/openpose/include/openpose/face/faceDetector.hpp...
Generating code for file /home/travis/build/CMU-Perceptual-Computing-Lab/openpose/include/openpose/face/faceDetectorOpenCV.hpp...
Generating code for file /home/travis/build/CMU-Perceptual-Computing-Lab/openpose/include/openpose/face/faceExtractor.hpp...
Generating code for file /home/travis/build/CMU-Perceptual-Computing-Lab/openpose/include/openpose/face/faceExtractorCaffe.hpp...
Generating code for file /home/travis/build/CMU-Perceptual-Computing-Lab/openpose/include/openpose/face/faceGpuRenderer.hpp...
Generating code for file /home/travis/build/CMU-Perceptual-Computing-Lab/openpose/include/openpose/face/faceParameters.hpp...
Generating code for file /home/travis/build/CMU-Perceptual-Computing-Lab/openpose/include/openpose/face/faceRenderer.hpp...
Generating code for file /home/travis/build/CMU-Perceptual-Computing-Lab/openpose/include/openpose/face/renderFace.hpp...
Generating code for file /home/travis/build/CMU-Perceptual-Computing-Lab/openpose/include/openpose/face/wFaceDetector.hpp...
Generating code for file /home/travis/build/CMU-Perceptual-Computing-Lab/openpose/include/openpose/face/wFaceDetectorOpenCV.hpp...
Generating code for file /home/travis/build/CMU-Perceptual-Computing-Lab/openpose/include/openpose/face/wFaceExtractor.hpp...
Generating code for file /home/travis/build/CMU-Perceptual-Computing-Lab/openpose/include/openpose/face/wFaceRenderer.hpp...
Generating code for file /home/travis/build/CMU-Perceptual-Computing-Lab/openpose/include/openpose/filestream/cocoJsonSaver.hpp...
Generating code for file /home/travis/build/CMU-Perceptual-Computing-Lab/openpose/include/openpose/filestream/fileSaver.hpp...
Generating code for file /home/travis/build/CMU-Perceptual-Computing-Lab/openpose/include/openpose/filestream/fileStream.hpp...
Generating code for file /home/travis/build/CMU-Perceptual-Computing-Lab/openpose/include/openpose/filestream/heatMapSaver.hpp...
Generating code for file /home/travis/build/CMU-Perceptual-Computing-Lab/openpose/include/openpose/filestream/imageSaver.hpp...
Generating code for file /home/travis/build/CMU-Perceptual-Computing-Lab/openpose/include/openpose/filestream/jsonOfstream.hpp...
Generating code for file /home/travis/build/CMU-Perceptual-Computing-Lab/openpose/include/openpose/filestream/keypointJsonSaver.hpp...
Generating code for file /home/travis/build/CMU-Perceptual-Computing-Lab/openpose/include/openpose/filestream/keypointSaver.hpp...
Generating code for file /home/travis/build/CMU-Perceptual-Computing-Lab/openpose/include/openpose/filestream/videoSaver.hpp...
Generating code for file /home/travis/build/CMU-Perceptual-Computing-Lab/openpose/include/openpose/filestream/wCocoJsonSaver.hpp...
Generating code for file /home/travis/build/CMU-Perceptual-Computing-Lab/openpose/include/openpose/filestream/wFaceSaver.hpp...
Generating code for file /home/travis/build/CMU-Perceptual-Computing-Lab/openpose/include/openpose/filestream/wHandSaver.hpp...
Generating code for file /home/travis/build/CMU-Perceptual-Computing-Lab/openpose/include/openpose/filestream/wHeatMapSaver.hpp...
Generating code for file /home/travis/build/CMU-Perceptual-Computing-Lab/openpose/include/openpose/filestream/wImageSaver.hpp...
Generating code for file /home/travis/build/CMU-Perceptual-Computing-Lab/openpose/include/openpose/filestream/wKeypointJsonSaver.hpp...
Generating code for file /home/travis/build/CMU-Perceptual-Computing-Lab/openpose/include/openpose/filestream/wPoseSaver.hpp...
Generating code for file /home/travis/build/CMU-Perceptual-Computing-Lab/openpose/include/openpose/filestream/wVideoSaver.hpp...
Generating code for file /home/travis/build/CMU-Perceptual-Computing-Lab/openpose/include/openpose/gui/frameDisplayer.hpp...
Generating code for file /home/travis/build/CMU-Perceptual-Computing-Lab/openpose/include/openpose/gui/gui.hpp...
Generating code for file /home/travis/build/CMU-Perceptual-Computing-Lab/openpose/include/openpose/gui/guiInfoAdder.hpp...
Generating code for file /home/travis/build/CMU-Perceptual-Computing-Lab/openpose/include/openpose/gui/wGui.hpp...
Generating code for file /home/travis/build/CMU-Perceptual-Computing-Lab/openpose/include/openpose/gui/wGuiInfoAdder.hpp...
Generating code for file /home/travis/build/CMU-Perceptual-Computing-Lab/openpose/include/openpose/hand/handCpuRenderer.hpp...
Generating code for file /home/travis/build/CMU-Perceptual-Computing-Lab/openpose/include/openpose/hand/handDetector.hpp...
Generating code for file /home/travis/build/CMU-Perceptual-Computing-Lab/openpose/include/openpose/hand/handDetectorFromTxt.hpp...
Generating code for file /home/travis/build/CMU-Perceptual-Computing-Lab/openpose/include/openpose/hand/handExtractor.hpp...
Generating code for file /home/travis/build/CMU-Perceptual-Computing-Lab/openpose/include/openpose/hand/handExtractorCaffe.hpp...
Generating code for file /home/travis/build/CMU-Perceptual-Computing-Lab/openpose/include/openpose/hand/handGpuRenderer.hpp...
Generating code for file /home/travis/build/CMU-Perceptual-Computing-Lab/openpose/include/openpose/hand/handParameters.hpp...
Generating code for file /home/travis/build/CMU-Perceptual-Computing-Lab/openpose/include/openpose/hand/handRenderer.hpp...
Generating code for file /home/travis/build/CMU-Perceptual-Computing-Lab/openpose/include/openpose/hand/renderHand.hpp...
Generating code for file /home/travis/build/CMU-Perceptual-Computing-Lab/openpose/include/openpose/hand/wHandDetector.hpp...
Generating code for file /home/travis/build/CMU-Perceptual-Computing-Lab/openpose/include/openpose/hand/wHandDetectorFromTxt.hpp...
Generating code for file /home/travis/build/CMU-Perceptual-Computing-Lab/openpose/include/openpose/hand/wHandDetectorTracking.hpp...
Generating code for file /home/travis/build/CMU-Perceptual-Computing-Lab/openpose/include/openpose/hand/wHandDetectorUpdate.hpp...
Generating code for file /home/travis/build/CMU-Perceptual-Computing-Lab/openpose/include/openpose/hand/wHandExtractor.hpp...
Generating code for file /home/travis/build/CMU-Perceptual-Computing-Lab/openpose/include/openpose/hand/wHandRenderer.hpp...
Generating code for file /home/travis/build/CMU-Perceptual-Computing-Lab/openpose/include/openpose/pose/bodyPartConnectorBase.hpp...
Generating code for file /home/travis/build/CMU-Perceptual-Computing-Lab/openpose/include/openpose/pose/bodyPartConnectorCaffe.hpp...
Generating code for file /home/travis/build/CMU-Perceptual-Computing-Lab/openpose/include/openpose/pose/poseCpuRenderer.hpp...
Generating code for file /home/travis/build/CMU-Perceptual-Computing-Lab/openpose/include/openpose/pose/poseExtractor.hpp...
Generating code for file /home/travis/build/CMU-Perceptual-Computing-Lab/openpose/include/openpose/pose/poseExtractorCaffe.hpp...
Generating code for file /home/travis/build/CMU-Perceptual-Computing-Lab/openpose/include/openpose/pose/poseGpuRenderer.hpp...
Generating code for file /home/travis/build/CMU-Perceptual-Computing-Lab/openpose/include/openpose/pose/poseParameters.hpp...
Generating code for file /home/travis/build/CMU-Perceptual-Computing-Lab/openpose/include/openpose/pose/poseRenderer.hpp...
Generating code for file /home/travis/build/CMU-Perceptual-Computing-Lab/openpose/include/openpose/pose/renderPose.hpp...
Generating code for file /home/travis/build/CMU-Perceptual-Computing-Lab/openpose/include/openpose/pose/wPoseExtractor.hpp...
Generating code for file /home/travis/build/CMU-Perceptual-Computing-Lab/openpose/include/openpose/pose/wPoseRenderer.hpp...
Generating code for file /home/travis/build/CMU-Perceptual-Computing-Lab/openpose/include/openpose/producer/datumProducer.hpp...
Generating code for file /home/travis/build/CMU-Perceptual-Computing-Lab/openpose/include/openpose/producer/imageDirectoryReader.hpp...
Generating code for file /home/travis/build/CMU-Perceptual-Computing-Lab/openpose/include/openpose/producer/ipCameraReader.hpp...
Generating code for file /home/travis/build/CMU-Perceptual-Computing-Lab/openpose/include/openpose/producer/producer.hpp...
Generating code for file /home/travis/build/CMU-Perceptual-Computing-Lab/openpose/include/openpose/producer/videoCaptureReader.hpp...
Generating code for file /home/travis/build/CMU-Perceptual-Computing-Lab/openpose/include/openpose/producer/videoReader.hpp...
Generating code for file /home/travis/build/CMU-Perceptual-Computing-Lab/openpose/include/openpose/producer/wDatumProducer.hpp...
Generating code for file /home/travis/build/CMU-Perceptual-Computing-Lab/openpose/include/openpose/producer/webcamReader.hpp...
Generating code for file /home/travis/build/CMU-Perceptual-Computing-Lab/openpose/include/openpose/thread/priorityQueue.hpp...
Generating code for file /home/travis/build/CMU-Perceptual-Computing-Lab/openpose/include/openpose/thread/queue.hpp...
Generating code for file /home/travis/build/CMU-Perceptual-Computing-Lab/openpose/include/openpose/thread/queueBase.hpp...
Generating code for file /home/travis/build/CMU-Perceptual-Computing-Lab/openpose/include/openpose/thread/subThread.hpp...
Generating code for file /home/travis/build/CMU-Perceptual-Computing-Lab/openpose/include/openpose/thread/subThreadNoQueue.hpp...
Generating code for file /home/travis/build/CMU-Perceptual-Computing-Lab/openpose/include/openpose/thread/subThreadQueueIn.hpp...
Generating code for file /home/travis/build/CMU-Perceptual-Computing-Lab/openpose/include/openpose/thread/subThreadQueueInOut.hpp...
Generating code for file /home/travis/build/CMU-Perceptual-Computing-Lab/openpose/include/openpose/thread/subThreadQueueOut.hpp...
Generating code for file /home/travis/build/CMU-Perceptual-Computing-Lab/openpose/include/openpose/thread/thread.hpp...
Generating code for file /home/travis/build/CMU-Perceptual-Computing-Lab/openpose/include/openpose/thread/threadManager.hpp...
Generating code for file /home/travis/build/CMU-Perceptual-Computing-Lab/openpose/include/openpose/thread/wIdGenerator.hpp...
Generating code for file /home/travis/build/CMU-Perceptual-Computing-Lab/openpose/include/openpose/thread/worker.hpp...
Generating code for file /home/travis/build/CMU-Perceptual-Computing-Lab/openpose/include/openpose/thread/workerConsumer.hpp...
Generating code for file /home/travis/build/CMU-Perceptual-Computing-Lab/openpose/include/openpose/thread/workerProducer.hpp...
Generating code for file /home/travis/build/CMU-Perceptual-Computing-Lab/openpose/include/openpose/thread/wQueueOrderer.hpp...
Generating code for file /home/travis/build/CMU-Perceptual-Computing-Lab/openpose/include/openpose/utilities/check.hpp...
Generating code for file /home/travis/build/CMU-Perceptual-Computing-Lab/openpose/include/openpose/utilities/cuda.hpp...
Generating code for file /home/travis/build/CMU-Perceptual-Computing-Lab/openpose/include/openpose/utilities/errorAndLog.hpp...
Generating code for file /home/travis/build/CMU-Perceptual-Computing-Lab/openpose/include/openpose/utilities/fastMath.hpp...
Generating code for file /home/travis/build/CMU-Perceptual-Computing-Lab/openpose/include/openpose/utilities/fileSystem.hpp...
Generating code for file /home/travis/build/CMU-Perceptual-Computing-Lab/openpose/include/openpose/utilities/flagsToOpenPose.hpp...
Generating code for file /home/travis/build/CMU-Perceptual-Computing-Lab/openpose/include/openpose/utilities/keypoint.hpp...
Generating code for file /home/travis/build/CMU-Perceptual-Computing-Lab/openpose/include/openpose/utilities/openCv.hpp...
Generating code for file /home/travis/build/CMU-Perceptual-Computing-Lab/openpose/include/openpose/utilities/pointerContainer.hpp...
Generating code for file /home/travis/build/CMU-Perceptual-Computing-Lab/openpose/include/openpose/utilities/profiler.hpp...
Generating code for file /home/travis/build/CMU-Perceptual-Computing-Lab/openpose/include/openpose/utilities/string.hpp...
Generating code for file /home/travis/build/CMU-Perceptual-Computing-Lab/openpose/include/openpose/wrapper/wrapper.hpp...
Generating code for file /home/travis/build/CMU-Perceptual-Computing-Lab/openpose/include/openpose/wrapper/wrapperStructFace.hpp...
Generating code for file /home/travis/build/CMU-Perceptual-Computing-Lab/openpose/include/openpose/wrapper/wrapperStructHand.hpp...
Generating code for file /home/travis/build/CMU-Perceptual-Computing-Lab/openpose/include/openpose/wrapper/wrapperStructInput.hpp...
Generating code for file /home/travis/build/CMU-Perceptual-Computing-Lab/openpose/include/openpose/wrapper/wrapperStructOutput.hpp...
Generating code for file /home/travis/build/CMU-Perceptual-Computing-Lab/openpose/include/openpose/wrapper/wrapperStructPose.hpp...
Generating file documentation...
Generating docs for file /home/travis/build/CMU-Perceptual-Computing-Lab/openpose/include/openpose/core/array.hpp...
Generating docs for file /home/travis/build/CMU-Perceptual-Computing-Lab/openpose/include/openpose/core/common.hpp...
Generating docs for file /home/travis/build/CMU-Perceptual-Computing-Lab/openpose/include/openpose/core/cvMatToOpInput.hpp...
Generating docs for file /home/travis/build/CMU-Perceptual-Computing-Lab/openpose/include/openpose/core/cvMatToOpOutput.hpp...
Generating docs for file /home/travis/build/CMU-Perceptual-Computing-Lab/openpose/include/openpose/core/datum.hpp...
Generating docs for file /home/travis/build/CMU-Perceptual-Computing-Lab/openpose/include/openpose/core/enumClasses.hpp...
Generating docs for file /home/travis/build/CMU-Perceptual-Computing-Lab/openpose/include/openpose/filestream/enumClasses.hpp...
Generating docs for file /home/travis/build/CMU-Perceptual-Computing-Lab/openpose/include/openpose/gui/enumClasses.hpp...
Generating docs for file /home/travis/build/CMU-Perceptual-Computing-Lab/openpose/include/openpose/pose/enumClasses.hpp...
Generating docs for file /home/travis/build/CMU-Perceptual-Computing-Lab/openpose/include/openpose/producer/enumClasses.hpp...
Generating docs for file /home/travis/build/CMU-Perceptual-Computing-Lab/openpose/include/openpose/thread/enumClasses.hpp...
Generating docs for file /home/travis/build/CMU-Perceptual-Computing-Lab/openpose/include/openpose/utilities/enumClasses.hpp...
Generating docs for file /home/travis/build/CMU-Perceptual-Computing-Lab/openpose/include/openpose/core/gpuRenderer.hpp...
Generating docs for file /home/travis/build/CMU-Perceptual-Computing-Lab/openpose/include/openpose/core/headers.hpp...
Generating docs for file /home/travis/build/CMU-Perceptual-Computing-Lab/openpose/include/openpose/experimental/headers.hpp...
Generating docs for file /home/travis/build/CMU-Perceptual-Computing-Lab/openpose/include/openpose/experimental/producer/headers.hpp...
Generating docs for file /home/travis/build/CMU-Perceptual-Computing-Lab/openpose/include/openpose/face/headers.hpp...
Generating docs for file /home/travis/build/CMU-Perceptual-Computing-Lab/openpose/include/openpose/filestream/headers.hpp...
Generating docs for file /home/travis/build/CMU-Perceptual-Computing-Lab/openpose/include/openpose/gui/headers.hpp...
Generating docs for file /home/travis/build/CMU-Perceptual-Computing-Lab/openpose/include/openpose/hand/headers.hpp...
Generating docs for file /home/travis/build/CMU-Perceptual-Computing-Lab/openpose/include/openpose/headers.hpp...
Generating docs for file /home/travis/build/CMU-Perceptual-Computing-Lab/openpose/include/openpose/pose/headers.hpp...
Generating docs for file /home/travis/build/CMU-Perceptual-Computing-Lab/openpose/include/openpose/producer/headers.hpp...
Generating docs for file /home/travis/build/CMU-Perceptual-Computing-Lab/openpose/include/openpose/thread/headers.hpp...
Generating docs for file /home/travis/build/CMU-Perceptual-Computing-Lab/openpose/include/openpose/utilities/headers.hpp...
Generating docs for file /home/travis/build/CMU-Perceptual-Computing-Lab/openpose/include/openpose/wrapper/headers.hpp...
Generating docs for file /home/travis/build/CMU-Perceptual-Computing-Lab/openpose/include/openpose/core/keypointScaler.hpp...
Generating docs for file /home/travis/build/CMU-Perceptual-Computing-Lab/openpose/include/openpose/core/macros.hpp...
Generating docs for file /home/travis/build/CMU-Perceptual-Computing-Lab/openpose/include/openpose/core/maximumBase.hpp...
Generating docs for file /home/travis/build/CMU-Perceptual-Computing-Lab/openpose/include/openpose/core/maximumCaffe.hpp...
Generating docs for file /home/travis/build/CMU-Perceptual-Computing-Lab/openpose/include/openpose/core/net.hpp...
Generating docs for file /home/travis/build/CMU-Perceptual-Computing-Lab/openpose/include/openpose/core/netCaffe.hpp...
Generating docs for file /home/travis/build/CMU-Perceptual-Computing-Lab/openpose/include/openpose/core/nmsBase.hpp...
Generating docs for file /home/travis/build/CMU-Perceptual-Computing-Lab/openpose/include/openpose/core/nmsCaffe.hpp...
Generating docs for file /home/travis/build/CMU-Perceptual-Computing-Lab/openpose/include/openpose/core/opOutputToCvMat.hpp...
Generating docs for file /home/travis/build/CMU-Perceptual-Computing-Lab/openpose/include/openpose/core/point.hpp...
Generating docs for file /home/travis/build/CMU-Perceptual-Computing-Lab/openpose/include/openpose/core/rectangle.hpp...
Generating docs for file /home/travis/build/CMU-Perceptual-Computing-Lab/openpose/include/openpose/core/renderer.hpp...
Generating docs for file /home/travis/build/CMU-Perceptual-Computing-Lab/openpose/include/openpose/core/resizeAndMergeBase.hpp...
Generating docs for file /home/travis/build/CMU-Perceptual-Computing-Lab/openpose/include/openpose/core/resizeAndMergeCaffe.hpp...
Generating docs for file /home/travis/build/CMU-Perceptual-Computing-Lab/openpose/include/openpose/core/scaleAndSizeExtractor.hpp...
Generating docs for file /home/travis/build/CMU-Perceptual-Computing-Lab/openpose/include/openpose/core/wCvMatToOpInput.hpp...
Generating docs for file /home/travis/build/CMU-Perceptual-Computing-Lab/openpose/include/openpose/core/wCvMatToOpOutput.hpp...
Generating docs for file /home/travis/build/CMU-Perceptual-Computing-Lab/openpose/include/openpose/core/wKeypointScaler.hpp...
Generating docs for file /home/travis/build/CMU-Perceptual-Computing-Lab/openpose/include/openpose/core/wOpOutputToCvMat.hpp...
Generating docs for file /home/travis/build/CMU-Perceptual-Computing-Lab/openpose/include/openpose/core/wScaleAndSizeExtractor.hpp...
Generating docs for file /home/travis/build/CMU-Perceptual-Computing-Lab/openpose/include/openpose/experimental/producer/wPeoplePoseLoader.hpp...
Generating docs for file /home/travis/build/CMU-Perceptual-Computing-Lab/openpose/include/openpose/face/faceCpuRenderer.hpp...
Generating docs for file /home/travis/build/CMU-Perceptual-Computing-Lab/openpose/include/openpose/face/faceDetector.hpp...
Generating docs for file /home/travis/build/CMU-Perceptual-Computing-Lab/openpose/include/openpose/face/faceDetectorOpenCV.hpp...
Generating docs for file /home/travis/build/CMU-Perceptual-Computing-Lab/openpose/include/openpose/face/faceExtractor.hpp...
Generating docs for file /home/travis/build/CMU-Perceptual-Computing-Lab/openpose/include/openpose/face/faceExtractorCaffe.hpp...
Generating docs for file /home/travis/build/CMU-Perceptual-Computing-Lab/openpose/include/openpose/face/faceGpuRenderer.hpp...
Generating docs for file /home/travis/build/CMU-Perceptual-Computing-Lab/openpose/include/openpose/face/faceParameters.hpp...
Generating docs for file /home/travis/build/CMU-Perceptual-Computing-Lab/openpose/include/openpose/face/faceRenderer.hpp...
Generating docs for file /home/travis/build/CMU-Perceptual-Computing-Lab/openpose/include/openpose/face/renderFace.hpp...
Generating docs for file /home/travis/build/CMU-Perceptual-Computing-Lab/openpose/include/openpose/face/wFaceDetector.hpp...
Generating docs for file /home/travis/build/CMU-Perceptual-Computing-Lab/openpose/include/openpose/face/wFaceDetectorOpenCV.hpp...
Generating docs for file /home/travis/build/CMU-Perceptual-Computing-Lab/openpose/include/openpose/face/wFaceExtractor.hpp...
Generating docs for file /home/travis/build/CMU-Perceptual-Computing-Lab/openpose/include/openpose/face/wFaceRenderer.hpp...
Generating docs for file /home/travis/build/CMU-Perceptual-Computing-Lab/openpose/include/openpose/filestream/cocoJsonSaver.hpp...
Generating docs for file /home/travis/build/CMU-Perceptual-Computing-Lab/openpose/include/openpose/filestream/fileSaver.hpp...
Generating docs for file /home/travis/build/CMU-Perceptual-Computing-Lab/openpose/include/openpose/filestream/fileStream.hpp...
Generating docs for file /home/travis/build/CMU-Perceptual-Computing-Lab/openpose/include/openpose/filestream/heatMapSaver.hpp...
Generating docs for file /home/travis/build/CMU-Perceptual-Computing-Lab/openpose/include/openpose/filestream/imageSaver.hpp...
Generating docs for file /home/travis/build/CMU-Perceptual-Computing-Lab/openpose/include/openpose/filestream/jsonOfstream.hpp...
Generating docs for file /home/travis/build/CMU-Perceptual-Computing-Lab/openpose/include/openpose/filestream/keypointJsonSaver.hpp...
Generating docs for file /home/travis/build/CMU-Perceptual-Computing-Lab/openpose/include/openpose/filestream/keypointSaver.hpp...
Generating docs for file /home/travis/build/CMU-Perceptual-Computing-Lab/openpose/include/openpose/filestream/videoSaver.hpp...
Generating docs for file /home/travis/build/CMU-Perceptual-Computing-Lab/openpose/include/openpose/filestream/wCocoJsonSaver.hpp...
Generating docs for file /home/travis/build/CMU-Perceptual-Computing-Lab/openpose/include/openpose/filestream/wFaceSaver.hpp...
Generating docs for file /home/travis/build/CMU-Perceptual-Computing-Lab/openpose/include/openpose/filestream/wHandSaver.hpp...
Generating docs for file /home/travis/build/CMU-Perceptual-Computing-Lab/openpose/include/openpose/filestream/wHeatMapSaver.hpp...
Generating docs for file /home/travis/build/CMU-Perceptual-Computing-Lab/openpose/include/openpose/filestream/wImageSaver.hpp...
Generating docs for file /home/travis/build/CMU-Perceptual-Computing-Lab/openpose/include/openpose/filestream/wKeypointJsonSaver.hpp...
Generating docs for file /home/travis/build/CMU-Perceptual-Computing-Lab/openpose/include/openpose/filestream/wPoseSaver.hpp...
Generating docs for file /home/travis/build/CMU-Perceptual-Computing-Lab/openpose/include/openpose/filestream/wVideoSaver.hpp...
Generating docs for file /home/travis/build/CMU-Perceptual-Computing-Lab/openpose/include/openpose/gui/frameDisplayer.hpp...
Generating docs for file /home/travis/build/CMU-Perceptual-Computing-Lab/openpose/include/openpose/gui/gui.hpp...
Generating docs for file /home/travis/build/CMU-Perceptual-Computing-Lab/openpose/include/openpose/gui/guiInfoAdder.hpp...
Generating docs for file /home/travis/build/CMU-Perceptual-Computing-Lab/openpose/include/openpose/gui/wGui.hpp...
Generating docs for file /home/travis/build/CMU-Perceptual-Computing-Lab/openpose/include/openpose/gui/wGuiInfoAdder.hpp...
Generating docs for file /home/travis/build/CMU-Perceptual-Computing-Lab/openpose/include/openpose/hand/handCpuRenderer.hpp...
Generating docs for file /home/travis/build/CMU-Perceptual-Computing-Lab/openpose/include/openpose/hand/handDetector.hpp...
Generating docs for file /home/travis/build/CMU-Perceptual-Computing-Lab/openpose/include/openpose/hand/handDetectorFromTxt.hpp...
Generating docs for file /home/travis/build/CMU-Perceptual-Computing-Lab/openpose/include/openpose/hand/handExtractor.hpp...
Generating docs for file /home/travis/build/CMU-Perceptual-Computing-Lab/openpose/include/openpose/hand/handExtractorCaffe.hpp...
Generating docs for file /home/travis/build/CMU-Perceptual-Computing-Lab/openpose/include/openpose/hand/handGpuRenderer.hpp...
Generating docs for file /home/travis/build/CMU-Perceptual-Computing-Lab/openpose/include/openpose/hand/handParameters.hpp...
Generating docs for file /home/travis/build/CMU-Perceptual-Computing-Lab/openpose/include/openpose/hand/handRenderer.hpp...
Generating docs for file /home/travis/build/CMU-Perceptual-Computing-Lab/openpose/include/openpose/hand/renderHand.hpp...
Generating docs for file /home/travis/build/CMU-Perceptual-Computing-Lab/openpose/include/openpose/hand/wHandDetector.hpp...
Generating docs for file /home/travis/build/CMU-Perceptual-Computing-Lab/openpose/include/openpose/hand/wHandDetectorFromTxt.hpp...
Generating docs for file /home/travis/build/CMU-Perceptual-Computing-Lab/openpose/include/openpose/hand/wHandDetectorTracking.hpp...
Generating docs for file /home/travis/build/CMU-Perceptual-Computing-Lab/openpose/include/openpose/hand/wHandDetectorUpdate.hpp...
Generating docs for file /home/travis/build/CMU-Perceptual-Computing-Lab/openpose/include/openpose/hand/wHandExtractor.hpp...
Generating docs for file /home/travis/build/CMU-Perceptual-Computing-Lab/openpose/include/openpose/hand/wHandRenderer.hpp...
Generating docs for file /home/travis/build/CMU-Perceptual-Computing-Lab/openpose/include/openpose/pose/bodyPartConnectorBase.hpp...
Generating docs for file /home/travis/build/CMU-Perceptual-Computing-Lab/openpose/include/openpose/pose/bodyPartConnectorCaffe.hpp...
Generating docs for file /home/travis/build/CMU-Perceptual-Computing-Lab/openpose/include/openpose/pose/poseCpuRenderer.hpp...
Generating docs for file /home/travis/build/CMU-Perceptual-Computing-Lab/openpose/include/openpose/pose/poseExtractor.hpp...
Generating docs for file /home/travis/build/CMU-Perceptual-Computing-Lab/openpose/include/openpose/pose/poseExtractorCaffe.hpp...
Generating docs for file /home/travis/build/CMU-Perceptual-Computing-Lab/openpose/include/openpose/pose/poseGpuRenderer.hpp...
Generating docs for file /home/travis/build/CMU-Perceptual-Computing-Lab/openpose/include/openpose/pose/poseParameters.hpp...
Generating docs for file /home/travis/build/CMU-Perceptual-Computing-Lab/openpose/include/openpose/pose/poseRenderer.hpp...
Generating docs for file /home/travis/build/CMU-Perceptual-Computing-Lab/openpose/include/openpose/pose/renderPose.hpp...
Generating docs for file /home/travis/build/CMU-Perceptual-Computing-Lab/openpose/include/openpose/pose/wPoseExtractor.hpp...
Generating docs for file /home/travis/build/CMU-Perceptual-Computing-Lab/openpose/include/openpose/pose/wPoseRenderer.hpp...
Generating docs for file /home/travis/build/CMU-Perceptual-Computing-Lab/openpose/include/openpose/producer/datumProducer.hpp...
Generating docs for file /home/travis/build/CMU-Perceptual-Computing-Lab/openpose/include/openpose/producer/imageDirectoryReader.hpp...
Generating docs for file /home/travis/build/CMU-Perceptual-Computing-Lab/openpose/include/openpose/producer/ipCameraReader.hpp...
Generating docs for file /home/travis/build/CMU-Perceptual-Computing-Lab/openpose/include/openpose/producer/producer.hpp...
Generating docs for file /home/travis/build/CMU-Perceptual-Computing-Lab/openpose/include/openpose/producer/videoCaptureReader.hpp...
Generating docs for file /home/travis/build/CMU-Perceptual-Computing-Lab/openpose/include/openpose/producer/videoReader.hpp...
Generating docs for file /home/travis/build/CMU-Perceptual-Computing-Lab/openpose/include/openpose/producer/wDatumProducer.hpp...
Generating docs for file /home/travis/build/CMU-Perceptual-Computing-Lab/openpose/include/openpose/producer/webcamReader.hpp...
Generating docs for file /home/travis/build/CMU-Perceptual-Computing-Lab/openpose/include/openpose/thread/priorityQueue.hpp...
Generating docs for file /home/travis/build/CMU-Perceptual-Computing-Lab/openpose/include/openpose/thread/queue.hpp...
Generating docs for file /home/travis/build/CMU-Perceptual-Computing-Lab/openpose/include/openpose/thread/queueBase.hpp...
Generating docs for file /home/travis/build/CMU-Perceptual-Computing-Lab/openpose/include/openpose/thread/subThread.hpp...
Generating docs for file /home/travis/build/CMU-Perceptual-Computing-Lab/openpose/include/openpose/thread/subThreadNoQueue.hpp...
Generating docs for file /home/travis/build/CMU-Perceptual-Computing-Lab/openpose/include/openpose/thread/subThreadQueueIn.hpp...
Generating docs for file /home/travis/build/CMU-Perceptual-Computing-Lab/openpose/include/openpose/thread/subThreadQueueInOut.hpp...
Generating docs for file /home/travis/build/CMU-Perceptual-Computing-Lab/openpose/include/openpose/thread/subThreadQueueOut.hpp...
Generating docs for file /home/travis/build/CMU-Perceptual-Computing-Lab/openpose/include/openpose/thread/thread.hpp...
Generating docs for file /home/travis/build/CMU-Perceptual-Computing-Lab/openpose/include/openpose/thread/threadManager.hpp...
Generating docs for file /home/travis/build/CMU-Perceptual-Computing-Lab/openpose/include/openpose/thread/wIdGenerator.hpp...
Generating docs for file /home/travis/build/CMU-Perceptual-Computing-Lab/openpose/include/openpose/thread/worker.hpp...
Generating docs for file /home/travis/build/CMU-Perceptual-Computing-Lab/openpose/include/openpose/thread/workerConsumer.hpp...
Generating docs for file /home/travis/build/CMU-Perceptual-Computing-Lab/openpose/include/openpose/thread/workerProducer.hpp...
Generating docs for file /home/travis/build/CMU-Perceptual-Computing-Lab/openpose/include/openpose/thread/wQueueOrderer.hpp...
Generating docs for file /home/travis/build/CMU-Perceptual-Computing-Lab/openpose/include/openpose/utilities/check.hpp...
Generating docs for file /home/travis/build/CMU-Perceptual-Computing-Lab/openpose/include/openpose/utilities/cuda.hpp...
Generating docs for file /home/travis/build/CMU-Perceptual-Computing-Lab/openpose/include/openpose/utilities/errorAndLog.hpp...
Generating docs for file /home/travis/build/CMU-Perceptual-Computing-Lab/openpose/include/openpose/utilities/fastMath.hpp...
Generating docs for file /home/travis/build/CMU-Perceptual-Computing-Lab/openpose/include/openpose/utilities/fileSystem.hpp...
Generating docs for file /home/travis/build/CMU-Perceptual-Computing-Lab/openpose/include/openpose/utilities/flagsToOpenPose.hpp...
Generating docs for file /home/travis/build/CMU-Perceptual-Computing-Lab/openpose/include/openpose/utilities/keypoint.hpp...
Generating docs for file /home/travis/build/CMU-Perceptual-Computing-Lab/openpose/include/openpose/utilities/op/home/travis/build/CMU-Perceptual-Computing-Lab/openpose/include/openpose/core/datum.hpp:98: warning: explicit link request to 'people' could not be resolved
/home/travis/build/CMU-Perceptual-Computing-Lab/openpose/include/openpose/core/datum.hpp:98: warning: explicit link request to 'face' could not be resolved
/home/travis/build/CMU-Perceptual-Computing-Lab/openpose/include/openpose/core/datum.hpp:91: warning: explicit link request to 'people' could not be resolved
/home/travis/build/CMU-Perceptual-Computing-Lab/openpose/include/openpose/core/datum.hpp:91: warning: explicit link request to 'face' could not be resolved
/home/travis/build/CMU-Perceptual-Computing-Lab/openpose/include/openpose/core/datum.hpp:84: warning: explicit link request to 'people' could not be resolved
/home/travis/build/CMU-Perceptual-Computing-Lab/openpose/include/openpose/core/datum.hpp:120: warning: explicit link request to 'people' could not be resolved
/home/travis/build/CMU-Perceptual-Computing-Lab/openpose/include/openpose/core/datum.hpp:120: warning: explicit link request to 'hand' could not be resolved
/home/travis/build/CMU-Perceptual-Computing-Lab/openpose/include/openpose/core/datum.hpp:113: warning: explicit link request to 'people' could not be resolved
/home/travis/build/CMU-Perceptual-Computing-Lab/openpose/include/openpose/core/datum.hpp:113: warning: explicit link request to 'hand' could not be resolved
/home/travis/build/CMU-Perceptual-Computing-Lab/openpose/include/openpose/core/datum.hpp:105: warning: explicit link request to 'people' could not be resolved
/home/travis/build/CMU-Perceptual-Computing-Lab/openpose/include/openpose/core/datum.hpp:38: warning: explicit link request to 'scales' could not be resolved
/home/travis/build/CMU-Perceptual-Computing-Lab/openpose/include/openpose/core/datum.hpp:71: warning: explicit link request to 'heatmaps' could not be resolved
/home/travis/build/CMU-Perceptual-Computing-Lab/openpose/include/openpose/core/datum.hpp:71: warning: explicit link request to 'body' could not be resolved
/home/travis/build/CMU-Perceptual-Computing-Lab/openpose/include/openpose/core/datum.hpp:77: warning: explicit link request to 'heatmaps' could not be resolved
/home/travis/build/CMU-Perceptual-Computing-Lab/openpose/include/openpose/core/datum.hpp:63: warning: explicit link request to 'people' could not be resolved
/home/travis/build/CMU-Perceptual-Computing-Lab/openpose/include/openpose/core/datum.hpp:63: warning: explicit link request to 'body' could not be resolved
/home/travis/build/CMU-Perceptual-Computing-Lab/openpose/include/openpose/face/faceExtractor.hpp:18: warning: The following parameters of op::FaceExtractor::FaceExtractor(const Point< int > &netInputSize, const Point< int > &netOutputSize, const std::vector< HeatMapType > &heatMapTypes={}, const ScaleMode heatMapScale=ScaleMode::ZeroToOne) are not documented:
  parameter 'heatMapTypes'
  parameter 'heatMapScale'
/home/travis/build/CMU-Perceptual-Computing-Lab/openpose/include/openpose/face/faceExtractorCaffe.hpp:18: warning: The following parameters of op::FaceExtractorCaffe::FaceExtractorCaffe(const Point< int > &netInputSize, const Point< int > &netOutputSize, const std::string &modelFolder, const int gpuId, const std::vector< HeatMapType > &heatMapTypes={}, const ScaleMode heatMapScale=ScaleMode::ZeroToOne) are not documented:
  parameter 'modelFolder'
  parameter 'gpuId'
  parameter 'heatMapTypes'
  parameter 'heatMapScale'
/home/travis/build/CMU-Perceptual-Computing-Lab/openpose/include/openpose/filestream/cocoJsonSaver.hpp:16: warning: The following parameters of op::CocoJsonSaver::CocoJsonSaver(const std::string &filePathToSave, const bool humanReadable=true) are not documented:
  parameter 'humanReadable'
enCv.hpp...
Generating docs for file /home/travis/build/CMU-Perceptual-Computing-Lab/openpose/include/openpose/utilities/pointerContainer.hpp...
Generating docs for file /home/travis/build/CMU-Perceptual-Computing-Lab/openpose/include/openpose/utilities/profiler.hpp...
Generating docs for file /home/travis/build/CMU-Perceptual-Computing-Lab/openpose/include/openpose/utilities/string.hpp...
Generating docs for file /home/travis/build/CMU-Perceptual-Computing-Lab/openpose/include/openpose/wrapper/wrapper.hpp...
Generating docs for file /home/travis/build/CMU-Perceptual-Computing-Lab/openpose/include/openpose/wrapper/wrapperStructFace.hpp...
Generating docs for file /home/travis/build/CMU-Perceptual-Computing-Lab/openpose/include/openpose/wrapper/wrapperStructHand.hpp...
Generating docs for file /home/travis/build/CMU-Perceptual-Computing-Lab/openpose/include/openpose/wrapper/wrapperStructInput.hpp...
Generating docs for file /home/travis/build/CMU-Perceptual-Computing-Lab/openpose/include/openpose/wrapper/wrapperStructOutput.hpp...
Generating docs for file /home/travis/build/CMU-Perceptual-Computing-Lab/openpose/include/openpose/wrapper/wrapperStructPose.hpp...
Generating docs for file /home/travis/build/CMU-Perceptual-Computing-Lab/openpose/README.md...
Generating page documentation...
Generating group documentation...
Generating class documentation...
Generating namespace index...
Generating docs for namespace caffe
Generating docs for compound caffe::Blob...
Generating docs for namespace op
Generating docs for compound op::Array...
Generating docs for compound op::CvMatToOpInput...
Generating docs for compound op::CvMatToOpOutput...
Generating docs for compound op::Datum...
Generating docs for compound op::GpuRenderer...
Generating docs for compound op::KeypointScaler...
Generating docs for compound op::MaximumCaffe...
Generating docs for compound op::Net...
Generating docs for compound op::NetCaffe...
Generating docs for compound op::NmsCaffe...
Generating docs for compound op::OpOutputToCvMat...
Generating docs for compound op::Point...
Generating docs for compound op::Rectangle...
Generating docs for compound op::Renderer...
Generating docs for compound op::ResizeAndMergeCaffe...
Generating docs for compound op::ScaleAndSizeExtractor...
Generating docs for compound op::WCvMatToOpInput...
Generating docs for compound op::WCvMatToOpOutput...
Generating docs for compound op::WKeypointScaler...
Generating docs for compound op::WOpOutputToCvMat...
Generating docs for compound op::WScaleAndSizeExtractor...
Generating docs for compound op::FaceCpuRenderer...
Generating docs for compound op::FaceDetector...
Generating docs for compound op::FaceDetectorOpenCV...
Generating docs for compound op::FaceExtractor...
Generating docs for compound op::FaceExtractorCaffe...
Generating docs for compound op::FaceGpuRenderer...
Generating docs for compound op::FaceRenderer...
Generating docs for compound op::WFaceDetector...
Generating docs for compound op::WFaceDetectorOpenCV...
Generating docs for compound op::WFaceExtractor...
Generating docs for compound op::WFaceRenderer...
Generating docs for compound op::CocoJsonSaver...
Generating docs for compound op::FileSaver...
Generating docs for compound op::HeatMapSaver...
Generating docs for compound op::ImageSaver...
Generating docs for compound op::JsonOfstream...
Generating docs for compound op::KeypointJsonSaver...
Generating docs for compound op::KeypointSaver...
Generating docs for compound op::VideoSaver...
Generating docs for compound op::WCocoJsonSaver...
Generating docs for compound op::WFaceSaver...
Generating docs for compound op::WHandSaver...
Generating docs for compound op::WHeatMapSaver...
Generating docs for compound op::WImageSaver...
Generating docs for compound op::WKeypointJsonSaver...
Generating docs for compound op::WPoseSaver...
Generating docs for compound op::WVideoSaver...
Generating docs for compound op::FrameDisplayer...
Generating docs for compound op::Gui...
Generating docs for compound op::GuiInfoAdder...
Generating docs for compound op::WGui...
Generating /home/travis/build/CMU-Perceptual-Computing-Lab/openpose/include/openpose/hand/handExtractor.hpp:18: warning: The following parameters of op::HandExtractor::HandExtractor(const Point< int > &netInputSize, const Point< int > &netOutputSize, const unsigned short numberScales=1, const float rangeScales=0.4f, const std::vector< HeatMapType > &heatMapTypes={}, const ScaleMode heatMapScale=ScaleMode::ZeroToOne) are not documented:
  parameter 'heatMapTypes'
  parameter 'heatMapScale'
/home/travis/build/CMU-Perceptual-Computing-Lab/openpose/include/openpose/hand/handExtractorCaffe.hpp:18: warning: The following parameters of op::HandExtractorCaffe::HandExtractorCaffe(const Point< int > &netInputSize, const Point< int > &netOutputSize, const std::string &modelFolder, const int gpuId, const unsigned short numberScales=1, const float rangeScales=0.4f, const std::vector< HeatMapType > &heatMapTypes={}, const ScaleMode heatMapScale=ScaleMode::ZeroToOne) are not documented:
  parameter 'heatMapTypes'
  parameter 'heatMapScale'
/home/travis/build/CMU-Perceptual-Computing-Lab/openpose/include/openpose/producer/producer.hpp:20: warning: argument 'repeatWhenFinished' of command @param is not found in the argument list of op::Producer::Producer(const ProducerType type)
/home/travis/build/CMU-Perceptual-Computing-Lab/openpose/include/openpose/producer/producer.hpp:20: warning: The following parameters of op::Producer::Producer(const ProducerType type) are not documented:
  parameter 'type'
/home/travis/build/CMU-Perceptual-Computing-Lab/openpose/include/openpose/producer/videoCaptureReader.hpp:19: warning: The following parameters of op::VideoCaptureReader::VideoCaptureReader(const int index, const bool throwExceptionIfNoOpened) are not documented:
  parameter 'throwExceptionIfNoOpened'
/home/travis/build/CMU-Perceptual-Computing-Lab/openpose/include/openpose/producer/webcamReader.hpp:20: warning: The following parameters of op::WebcamReader::WebcamReader(const int webcamIndex=0, const Point< int > &webcamResolution=Point< int >{}, const double fps=30., const bool throwExceptionIfNoOpened=true) are not documented:
  parameter 'throwExceptionIfNoOpened'
/home/travis/build/CMU-Perceptual-Computing-Lab/openpose/include/openpose/wrapper/wrapperStructPose.hpp:109: warning: explicit link request to 'body' could not be resolved
/home/travis/build/CMU-Perceptual-Computing-Lab/openpose/include/openpose/wrapper/wrapperStructPose.hpp:110: warning: explicit link request to 'body' could not be resolved
/home/travis/build/CMU-Perceptual-Computing-Lab/openpose/include/openpose/wrapper/wrapperStructPose.hpp:110: warning: explicit link request to 'body' could not be resolved
/home/travis/build/CMU-Perceptual-Computing-Lab/openpose/include/openpose/wrapper/wrapperStructPose.hpp:111: warning: explicit link request to 'body' could not be resolved
/home/travis/build/CMU-Perceptual-Computing-Lab/openpose/include/openpose/wrapper/wrapperStructPose.hpp:111: warning: explicit link request to 'body' could not be resolved
/home/travis/build/CMU-Perceptual-Computing-Lab/openpose/include/openpose/wrapper/wrapperStructPose.hpp:111: warning: explicit link request to 'body' could not be resolved
/home/travis/build/CMU-Perceptual-Computing-Lab/openpose/include/openpose/wrapper/wrapperStructPose.hpp:111: warning: explicit link request to 'pair' could not be resolved
/home/travis/build/CMU-Perceptual-Computing-Lab/openpose/README.md:20: warning: unable to resolve reference to `doc/release_notes.md' for \ref command
/home/travis/build/CMU-Perceptual-Computing-Lab/openpose/README.md:87: warning: unable to resolve reference to `doc/installation.md' for \ref command
/home/travis/build/CMU-Perceptual-Computing-Lab/openpose/README.md:98: warning: unable to resolve reference to `doc/demo_overview.md' for \ref command
/home/travis/build/CMU-Perceptual-Computing-Lab/openpose/README.md:115: warning: unable to resolve reference to `doc/library_overview.md' for \ref command
/home/travis/build/CMU-Perceptual-Computing-Lab/openpose/README.md:116: warning: unable to resolve reference to `doc/library_extend_functionality.md' for \ref command
/home/travis/build/CMU-Perceptual-Computing-Lab/openpose/README.md:117: warning: unable to resolve reference to `doc/library_add_new_module.md' for \ref command
/home/travis/build/CMU-Perceptual-Computing-Lab/openpose/README.md:123: warning: unable to resolve reference to `doc/output.md' for \ref command
/home/travis/build/CMU-Perceptual-Computing-Lab/openpose/README.md:128: warning: unable to resolve reference to `doc/standalone_face_or_hand_keypoint_detector.md' for \ref command
/home/travis/build/CMU-Perceptual-Computing-Lab/openpose/README.md:130: warning: unable to resolve reference to `doc/standalone_face_or_hand_keypoint_detector.md' for \ref command
/home/travis/build/CMU-Perceptual-Computing-Lab/openpose/README.md:135: warning: explicit link request to 'faq' could not be resolved
/home/travis/build/CMU-Perceptual-Computing-Lab/openpose/README.md:191: warning: unable to resolve reference to `doc/contributors.md' for \ref command
docs for compound op::WGuiInfoAdder...
Generating docs for compound op::HandCpuRenderer...
Generating docs for compound op::HandDetector...
Generating docs for compound op::HandDetectorFromTxt...
Generating docs for compound op::HandExtractor...
Generating docs for compound op::HandExtractorCaffe...
Generating docs for compound op::HandGpuRenderer...
Generating docs for compound op::HandRenderer...
Generating docs for compound op::WHandDetector...
Generating docs for compound op::WHandDetectorFromTxt...
Generating docs for compound op::WHandDetectorTracking...
Generating docs for compound op::WHandDetectorUpdate...
Generating docs for compound op::WHandExtractor...
Generating docs for compound op::WHandRenderer...
Generating docs for compound op::BodyPartConnectorCaffe...
Generating docs for compound op::PoseCpuRenderer...
Generating docs for compound op::PoseExtractor...
Generating docs for compound op::PoseExtractorCaffe...
Generating docs for compound op::PoseGpuRenderer...
Generating docs for compound op::PoseRenderer...
Generating docs for compound op::WPoseExtractor...
Generating docs for compound op::WPoseRenderer...
Generating docs for compound op::DatumProducer...
Generating docs for compound op::ImageDirectoryReader...
Generating docs for compound op::IpCameraReader...
Generating docs for compound op::Producer...
Generating docs for compound op::VideoCaptureReader...
Generating docs for compound op::VideoReader...
Generating docs for compound op::WDatumProducer...
Generating docs for compound op::WebcamReader...
Generating docs for compound op::PriorityQueue...
Generating docs for compound op::Queue...
Generating docs for compound op::QueueBase...
Generating docs for compound op::SubThread...
Generating docs for compound op::SubThreadNoQueue...
Generating docs for compound op::SubThreadQueueIn...
Generating docs for compound op::SubThreadQueueInOut...
Generating docs for compound op::SubThreadQueueOut...
Generating docs for compound op::Thread...
Generating docs for compound op::ThreadManager...
Generating docs for compound op::WIdGenerator...
Generating docs for compound op::Worker...
Generating docs for compound op::WorkerConsumer...
Generating docs for compound op::WorkerProducer...
Generating docs for compound op::WQueueOrderer...
Generating docs for compound op::ConfigureError...
Generating docs for compound op::ConfigureLog...
Generating docs for compound op::PointerContainerGreater...
Generating docs for compound op::PointerContainerLess...
Generating docs for compound op::Profiler...
Generating docs for compound op::Wrapper...
Generating docs for compound op::WrapperStructFace...
Generating docs for compound op::WrapperStructHand...
Generating docs for compound op::WrapperStructInput...
Generating docs for compound op::WrapperStructOutput...
Generating docs for compound op::WrapperStructPose...
Generating graph info page...
Generating directory documentation...
Generating index page...
Generating page index...
Generating module index...
Generating namespace index...
Generating namespace member index...
Generating annotated compound index...
Generating alphabetical compound index...
Generating hierarchical class index...
Generating member index...
Generating file index...
Generating file member index...
Generating example index...
finalizing index lists...
lookup cache used 2692/65536 hits=15308 misses=2819
finished...
